#
# There is insufficient memory for the Java Runtime Environment to continue.
# Native memory allocation (malloc) failed to allocate 546096 bytes for Chunk::new
# Possible reasons:
#   The system is out of physical RAM or swap space
#   In 32 bit mode, the process size limit was hit
# Possible solutions:
#   Reduce memory load on the system
#   Increase physical memory or swap space
#   Check if swap backing store is full
#   Use 64 bit Java on a 64 bit OS
#   Decrease Java heap size (-Xmx/-Xms)
#   Decrease number of Java threads
#   Decrease Java thread stack sizes (-Xss)
#   Set larger code cache with -XX:ReservedCodeCacheSize=
# This output file may be truncated or incomplete.
#
#  Out of Memory Error (allocation.cpp:326), pid=7644, tid=1733884736
#
# JRE version: OpenJDK Runtime Environment (7.0_79-b14) (build 1.7.0_79-b14)
# Java VM: OpenJDK Server VM (24.79-b02 mixed mode linux-x86 )
# Derivative: IcedTea 2.5.5
# Distribution: Ubuntu 14.04 LTS, package 7u79-2.5.5-0ubuntu0.14.04.2
# Failed to write core dump. Core dumps have been disabled. To enable core dumping, try "ulimit -c unlimited" before starting Java again
#

---------------  T H R E A D  ---------------

Current thread (0x67c99400):  JavaThread "C2 CompilerThread0" daemon [_thread_in_native, id=7688, stack(0x6750f000,0x67590000)]

Stack: [0x6750f000,0x67590000]

Current CompileTask:
C2:  34249  509   !         com.android.dx.cf.code.Ropper::processBlock (1101 bytes)


---------------  P R O C E S S  ---------------

Java Threads: ( => current thread )
  0x67c9d000 JavaThread "Service Thread" daemon [_thread_blocked, id=7698, stack(0x6743d000,0x6748e000)]
  0x67c9b400 JavaThread "C2 CompilerThread1" daemon [_thread_blocked, id=7691, stack(0x6748e000,0x6750f000)]
=>0x67c99400 JavaThread "C2 CompilerThread0" daemon [_thread_in_native, id=7688, stack(0x6750f000,0x67590000)]
  0x67c97c00 JavaThread "Signal Dispatcher" daemon [_thread_blocked, id=7684, stack(0x67b0d000,0x67b5e000)]
  0x67c85800 JavaThread "Finalizer" daemon [_thread_blocked, id=7683, stack(0x67b5e000,0x67baf000)]
  0x67c83c00 JavaThread "Reference Handler" daemon [_thread_blocked, id=7677, stack(0x67baf000,0x67c00000)]
  0xb6407800 JavaThread "main" [_thread_in_native, id=7652, stack(0xb657f000,0xb65d0000)]

Other Threads:
  0x67c81400 VMThread [stack: 0x67d4e000,0x67dcf000] [id=7673]
  0x67c9ec00 WatcherThread [stack: 0x673bc000,0x6743d000] [id=7701]

VM state:not at safepoint (normal execution)

VM Mutex/Monitor currently owned by a thread: None

Heap
 PSYoungGen      total 66048K, used 22736K [0x9dd80000, 0xa2080000, 0xb3300000)
  eden space 63488K, 31% used [0x9dd80000,0x9f1377a8,0xa1b80000)
  from space 2560K, 99% used [0xa1e00000,0xa207cad0,0xa2080000)
  to   space 2560K, 0% used [0xa1b80000,0xa1b80000,0xa1e00000)
 ParOldGen       total 41728K, used 13861K [0x73300000, 0x75bc0000, 0x9dd80000)
  object space 41728K, 33% used [0x73300000,0x74089688,0x75bc0000)
 PSPermGen       total 16384K, used 3992K [0x6b300000, 0x6c300000, 0x73300000)
  object space 16384K, 24% used [0x6b300000,0x6b6e60f0,0x6c300000)

Card table byte_map: [0x6b0bf000,0x6b300000] byte_map_base: 0x6ad65800

Polling page: 0xb777b000

Code Cache  [0xb33f3000, 0xb3633000, 0xb63f3000)
 total_blobs=643 nmethods=523 adapters=73 free_code_cache=47174Kb largest_free_block=48282624

Compilation events (10 events):
Event: 16,853 Thread 0x67c9b400 nmethod 518 0xb35c1388 code [0xb35c1480, 0xb35c1510]
Event: 16,853 Thread 0x67c9b400  519             com.android.dx.ssa.LiteralOpUpgrader::tryReplacingWithConstant (161 bytes)
Event: 16,858 Thread 0x67c9b400 nmethod 519 0xb35c2808 code [0xb35c29a0, 0xb35c2ccc]
Event: 16,858 Thread 0x67c9b400  520             com.android.dx.cf.code.OneLocalsArray::<init> (22 bytes)
Event: 16,860 Thread 0x67c9b400 nmethod 520 0xb35cad88 code [0xb35cae80, 0xb35caf70]
Event: 16,860 Thread 0x67c9b400  521             com.android.dx.cf.code.LocalsArray::<init> (6 bytes)
Event: 16,860 Thread 0x67c9b400 nmethod 521 0xb35ca048 code [0xb35ca120, 0xb35ca170]
Event: 16,860 Thread 0x67c9b400  522             com.android.dx.cf.code.Merger::mergeType (142 bytes)
Event: 16,865 Thread 0x67c9b400 nmethod 522 0xb35c1e08 code [0xb35c1f80, 0xb35c2378]
Event: 16,865 Thread 0x67c9b400  523             com.android.dx.cf.code.Merger::mergeLocals (122 bytes)

GC Heap History (8 events):
Event: 2,233 GC heap before
{Heap before GC invocations=1 (full 0):
 PSYoungGen      total 18432K, used 15872K [0x9dd80000, 0x9f200000, 0xb3300000)
  eden space 15872K, 100% used [0x9dd80000,0x9ed00000,0x9ed00000)
  from space 2560K, 0% used [0x9ef80000,0x9ef80000,0x9f200000)
  to   space 2560K, 0% used [0x9ed00000,0x9ed00000,0x9ef80000)
 ParOldGen       total 41728K, used 0K [0x73300000, 0x75bc0000, 0x9dd80000)
  object space 41728K, 0% used [0x73300000,0x73300000,0x75bc0000)
 PSPermGen       total 16384K, used 3806K [0x6b300000, 0x6c300000, 0x73300000)
  object space 16384K, 23% used [0x6b300000,0x6b6b7b88,0x6c300000)
Event: 2,274 GC heap after
Heap after GC invocations=1 (full 0):
 PSYoungGen      total 18432K, used 2548K [0x9dd80000, 0xa0180000, 0xb3300000)
  eden space 15872K, 0% used [0x9dd80000,0x9dd80000,0x9ed00000)
  from space 2560K, 99% used [0x9ed00000,0x9ef7d060,0x9ef80000)
  to   space 2560K, 0% used [0x9ff00000,0x9ff00000,0xa0180000)
 ParOldGen       total 41728K, used 1252K [0x73300000, 0x75bc0000, 0x9dd80000)
  object space 41728K, 3% used [0x73300000,0x734393d8,0x75bc0000)
 PSPermGen       total 16384K, used 3806K [0x6b300000, 0x6c300000, 0x73300000)
  object space 16384K, 23% used [0x6b300000,0x6b6b7b88,0x6c300000)
}
Event: 3,873 GC heap before
{Heap before GC invocations=2 (full 0):
 PSYoungGen      total 18432K, used 18420K [0x9dd80000, 0xa0180000, 0xb3300000)
  eden space 15872K, 100% used [0x9dd80000,0x9ed00000,0x9ed00000)
  from space 2560K, 99% used [0x9ed00000,0x9ef7d060,0x9ef80000)
  to   space 2560K, 0% used [0x9ff00000,0x9ff00000,0xa0180000)
 ParOldGen       total 41728K, used 1252K [0x73300000, 0x75bc0000, 0x9dd80000)
  object space 41728K, 3% used [0x73300000,0x734393d8,0x75bc0000)
 PSPermGen       total 16384K, used 3894K [0x6b300000, 0x6c300000, 0x73300000)
  object space 16384K, 23% used [0x6b300000,0x6b6cd880,0x6c300000)
Event: 3,886 GC heap after
Heap after GC invocations=2 (full 0):
 PSYoungGen      total 34304K, used 2547K [0x9dd80000, 0xa0180000, 0xb3300000)
  eden space 31744K, 0% used [0x9dd80000,0x9dd80000,0x9fc80000)
  from space 2560K, 99% used [0x9ff00000,0xa017cd90,0xa0180000)
  to   space 2560K, 0% used [0x9fc80000,0x9fc80000,0x9ff00000)
 ParOldGen       total 41728K, used 3439K [0x73300000, 0x75bc0000, 0x9dd80000)
  object space 41728K, 8% used [0x73300000,0x7365bcf8,0x75bc0000)
 PSPermGen       total 16384K, used 3894K [0x6b300000, 0x6c300000, 0x73300000)
  object space 16384K, 23% used [0x6b300000,0x6b6cd880,0x6c300000)
}
Event: 6,455 GC heap before
{Heap before GC invocations=3 (full 0):
 PSYoungGen      total 34304K, used 34291K [0x9dd80000, 0xa0180000, 0xb3300000)
  eden space 31744K, 100% used [0x9dd80000,0x9fc80000,0x9fc80000)
  from space 2560K, 99% used [0x9ff00000,0xa017cd90,0xa0180000)
  to   space 2560K, 0% used [0x9fc80000,0x9fc80000,0x9ff00000)
 ParOldGen       total 41728K, used 3439K [0x73300000, 0x75bc0000, 0x9dd80000)
  object space 41728K, 8% used [0x73300000,0x7365bcf8,0x75bc0000)
 PSPermGen       total 16384K, used 3933K [0x6b300000, 0x6c300000, 0x73300000)
  object space 16384K, 24% used [0x6b300000,0x6b6d7550,0x6c300000)
Event: 6,503 GC heap after
Heap after GC invocations=3 (full 0):
 PSYoungGen      total 34304K, used 2548K [0x9dd80000, 0xa2080000, 0xb3300000)
  eden space 31744K, 0% used [0x9dd80000,0x9dd80000,0x9fc80000)
  from space 2560K, 99% used [0x9fc80000,0x9fefd030,0x9ff00000)
  to   space 2560K, 0% used [0xa1e00000,0xa1e00000,0xa2080000)
 ParOldGen       total 41728K, used 8523K [0x73300000, 0x75bc0000, 0x9dd80000)
  object space 41728K, 20% used [0x73300000,0x73b52ca0,0x75bc0000)
 PSPermGen       total 16384K, used 3933K [0x6b300000, 0x6c300000, 0x73300000)
  object space 16384K, 24% used [0x6b300000,0x6b6d7550,0x6c300000)
}
Event: 12,984 GC heap before
{Heap before GC invocations=4 (full 0):
 PSYoungGen      total 34304K, used 34292K [0x9dd80000, 0xa2080000, 0xb3300000)
  eden space 31744K, 100% used [0x9dd80000,0x9fc80000,0x9fc80000)
  from space 2560K, 99% used [0x9fc80000,0x9fefd030,0x9ff00000)
  to   space 2560K, 0% used [0xa1e00000,0xa1e00000,0xa2080000)
 ParOldGen       total 41728K, used 8523K [0x73300000, 0x75bc0000, 0x9dd80000)
  object space 41728K, 20% used [0x73300000,0x73b52ca0,0x75bc0000)
 PSPermGen       total 16384K, used 3980K [0x6b300000, 0x6c300000, 0x73300000)
  object space 16384K, 24% used [0x6b300000,0x6b6e32f8,0x6c300000)
Event: 13,012 GC heap after
Heap after GC invocations=4 (full 0):
 PSYoungGen      total 66048K, used 2546K [0x9dd80000, 0xa2080000, 0xb3300000)
  eden space 63488K, 0% used [0x9dd80000,0x9dd80000,0xa1b80000)
  from space 2560K, 99% used [0xa1e00000,0xa207cad0,0xa2080000)
  to   space 2560K, 0% used [0xa1b80000,0xa1b80000,0xa1e00000)
 ParOldGen       total 41728K, used 13861K [0x73300000, 0x75bc0000, 0x9dd80000)
  object space 41728K, 33% used [0x73300000,0x74089688,0x75bc0000)
 PSPermGen       total 16384K, used 3980K [0x6b300000, 0x6c300000, 0x73300000)
  object space 16384K, 24% used [0x6b300000,0x6b6e32f8,0x6c300000)
}

Deoptimization events (10 events):
Event: 13,108 Thread 0xb6407800 Uncommon trap: reason=unreached action=reinterpret pc=0xb357eeb8 method=com.android.dx.cf.code.RopperMachine.run(Lcom/android/dx/cf/code/Frame;II)V @ 1500
Event: 13,108 Thread 0xb6407800 Uncommon trap: reason=class_check action=maybe_recompile pc=0xb354d9d4 method=com.android.dx.cf.code.Ropper.processBlock(Lcom/android/dx/cf/code/ByteBlock;Lcom/android/dx/cf/code/Frame;[I)V @ 777
Event: 13,108 Thread 0xb6407800 Uncommon trap: reason=class_check action=maybe_recompile pc=0xb354d9d4 method=com.android.dx.cf.code.Ropper.processBlock(Lcom/android/dx/cf/code/ByteBlock;Lcom/android/dx/cf/code/Frame;[I)V @ 777
Event: 13,109 Thread 0xb6407800 Uncommon trap: reason=class_check action=maybe_recompile pc=0xb354d9d4 method=com.android.dx.cf.code.Ropper.processBlock(Lcom/android/dx/cf/code/ByteBlock;Lcom/android/dx/cf/code/Frame;[I)V @ 777
Event: 13,109 Thread 0xb6407800 Uncommon trap: reason=class_check action=maybe_recompile pc=0xb354d9d4 method=com.android.dx.cf.code.Ropper.processBlock(Lcom/android/dx/cf/code/ByteBlock;Lcom/android/dx/cf/code/Frame;[I)V @ 777
Event: 13,129 Thread 0xb6407800 Uncommon trap: reason=class_check action=maybe_recompile pc=0xb349c3c4 method=com.android.dx.ssa.PhiTypeResolver.run()V @ 132
Event: 15,693 Thread 0xb6407800 Uncommon trap: reason=bimorphic action=maybe_recompile pc=0xb35d5414 method=com.android.dx.cf.code.BytecodeArray.parseInstruction(ILcom/android/dx/cf/code/BytecodeArray$Visitor;)I @ 923
Event: 16,200 Thread 0xb6407800 Uncommon trap: reason=bimorphic action=maybe_recompile pc=0xb35d5380 method=com.android.dx.cf.code.BytecodeArray.parseInstruction(ILcom/android/dx/cf/code/BytecodeArray$Visitor;)I @ 907
Event: 16,200 Thread 0xb6407800 Uncommon trap: reason=bimorphic action=maybe_recompile pc=0xb35d5cd8 method=com.android.dx.cf.code.BytecodeArray.parseInstruction(ILcom/android/dx/cf/code/BytecodeArray$Visitor;)I @ 1287
Event: 16,200 Thread 0xb6407800 Uncommon trap: reason=bimorphic action=maybe_recompile pc=0xb35d5414 method=com.android.dx.cf.code.BytecodeArray.parseInstruction(ILcom/android/dx/cf/code/BytecodeArray$Visitor;)I @ 923

Internal exceptions (10 events):
Event: 12,574 Thread 0xb6407800 Threw 0x9edab068 at /build/buildd/openjdk-7-7u79-2.5.5/build/openjdk/hotspot/src/share/vm/prims/jvm.cpp:1284
Event: 12,633 Thread 0xb6407800 Threw 0x9edb5648 at /build/buildd/openjdk-7-7u79-2.5.5/build/openjdk/hotspot/src/share/vm/prims/jvm.cpp:1284
Event: 12,633 Thread 0xb6407800 Threw 0x9edb7f78 at /build/buildd/openjdk-7-7u79-2.5.5/build/openjdk/hotspot/src/share/vm/prims/jvm.cpp:1284
Event: 12,633 Thread 0xb6407800 Threw 0x9edbb670 at /build/buildd/openjdk-7-7u79-2.5.5/build/openjdk/hotspot/src/share/vm/prims/jvm.cpp:1284
Event: 12,672 Thread 0xb6407800 Threw 0x9ef3e0e8 at /build/buildd/openjdk-7-7u79-2.5.5/build/openjdk/hotspot/src/share/vm/prims/jvm.cpp:1284
Event: 12,683 Thread 0xb6407800 Threw 0x9ef99498 at /build/buildd/openjdk-7-7u79-2.5.5/build/openjdk/hotspot/src/share/vm/prims/jvm.cpp:1284
Event: 12,683 Thread 0xb6407800 Threw 0x9ef9c1e0 at /build/buildd/openjdk-7-7u79-2.5.5/build/openjdk/hotspot/src/share/vm/prims/jvm.cpp:1284
Event: 12,686 Thread 0xb6407800 Threw 0x9efb19b0 at /build/buildd/openjdk-7-7u79-2.5.5/build/openjdk/hotspot/src/share/vm/prims/jvm.cpp:1284
Event: 12,719 Thread 0xb6407800 Threw 0x9efb7868 at /build/buildd/openjdk-7-7u79-2.5.5/build/openjdk/hotspot/src/share/vm/prims/jvm.cpp:1284
Event: 12,721 Thread 0xb6407800 Threw 0x9efbd500 at /build/buildd/openjdk-7-7u79-2.5.5/build/openjdk/hotspot/src/share/vm/prims/jvm.cpp:1284

Events (10 events):
Event: 16,200 Thread 0xb6407800 DEOPT UNPACKING pc=0xb341fbc8 sp=0xb65ce954 mode 2
Event: 16,200 Thread 0xb6407800 Uncommon trap: trap_request=0xffffffc6 fr.pc=0xb35d5380
Event: 16,200 Thread 0xb6407800 DEOPT PACKING pc=0xb35d5380 sp=0xb65ce950
Event: 16,200 Thread 0xb6407800 DEOPT UNPACKING pc=0xb341fbc8 sp=0xb65ce954 mode 2
Event: 16,200 Thread 0xb6407800 Uncommon trap: trap_request=0xffffffc6 fr.pc=0xb35d5cd8
Event: 16,200 Thread 0xb6407800 DEOPT PACKING pc=0xb35d5cd8 sp=0xb65ce950
Event: 16,200 Thread 0xb6407800 DEOPT UNPACKING pc=0xb341fbc8 sp=0xb65ce954 mode 2
Event: 16,200 Thread 0xb6407800 Uncommon trap: trap_request=0xffffffc6 fr.pc=0xb35d5414
Event: 16,200 Thread 0xb6407800 DEOPT PACKING pc=0xb35d5414 sp=0xb65ce930
Event: 16,201 Thread 0xb6407800 DEOPT UNPACKING pc=0xb341fbc8 sp=0xb65ce934 mode 2


Dynamic libraries:
08048000-08049000 r-xp 00000000 08:02 2763940    /usr/lib/jvm/java-7-openjdk-i386/jre/bin/java
08049000-0804a000 r--p 00000000 08:02 2763940    /usr/lib/jvm/java-7-openjdk-i386/jre/bin/java
0804a000-0804b000 rw-p 00001000 08:02 2763940    /usr/lib/jvm/java-7-openjdk-i386/jre/bin/java
09fb2000-09fd3000 rw-p 00000000 00:00 0          [heap]
65600000-6569f000 rw-p 00000000 00:00 0 
6569f000-65700000 ---p 00000000 00:00 0 
65800000-658d6000 rw-p 00000000 00:00 0 
658d6000-65900000 ---p 00000000 00:00 0 
65a00000-65afd000 rw-p 00000000 00:00 0 
65afd000-65b00000 ---p 00000000 00:00 0 
65b00000-65bec000 rw-p 00000000 00:00 0 
65bec000-65c00000 ---p 00000000 00:00 0 
65c00000-65cd7000 rw-p 00000000 00:00 0 
65cd7000-65d00000 ---p 00000000 00:00 0 
65e00000-65f00000 rw-p 00000000 00:00 0 
66000000-660f2000 rw-p 00000000 00:00 0 
660f2000-66100000 ---p 00000000 00:00 0 
66200000-662fc000 rw-p 00000000 00:00 0 
662fc000-66300000 ---p 00000000 00:00 0 
66400000-664fd000 rw-p 00000000 00:00 0 
664fd000-66500000 ---p 00000000 00:00 0 
66600000-666fb000 rw-p 00000000 00:00 0 
666fb000-66700000 ---p 00000000 00:00 0 
66800000-668d3000 rw-p 00000000 00:00 0 
668d3000-66900000 ---p 00000000 00:00 0 
66a00000-66afa000 rw-p 00000000 00:00 0 
66afa000-66b00000 ---p 00000000 00:00 0 
66b00000-66bf1000 rw-p 00000000 00:00 0 
66bf1000-66c00000 ---p 00000000 00:00 0 
66c00000-66cfc000 rw-p 00000000 00:00 0 
66cfc000-66d00000 ---p 00000000 00:00 0 
66e00000-66ef0000 rw-p 00000000 00:00 0 
66ef0000-66f00000 ---p 00000000 00:00 0 
66f73000-6707d000 r-xp 00000000 08:02 3015704    /lib/i386-linux-gnu/libglib-2.0.so.0.4002.0
6707d000-6707e000 r--p 00109000 08:02 3015704    /lib/i386-linux-gnu/libglib-2.0.so.0.4002.0
6707e000-6707f000 rw-p 0010a000 08:02 3015704    /lib/i386-linux-gnu/libglib-2.0.so.0.4002.0
6707f000-671fc000 r-xp 00000000 08:02 2758215    /usr/lib/i386-linux-gnu/libgio-2.0.so.0.4002.0
671fc000-671fe000 r--p 0017d000 08:02 2758215    /usr/lib/i386-linux-gnu/libgio-2.0.so.0.4002.0
671fe000-671ff000 rw-p 0017f000 08:02 2758215    /usr/lib/i386-linux-gnu/libgio-2.0.so.0.4002.0
671ff000-67200000 rw-p 00000000 00:00 0 
67200000-672c8000 rw-p 00000000 00:00 0 
672c8000-67300000 ---p 00000000 00:00 0 
6732c000-67368000 r-xp 00000000 08:02 3015776    /lib/i386-linux-gnu/libpcre.so.3.13.1
67368000-67369000 r--p 0003b000 08:02 3015776    /lib/i386-linux-gnu/libpcre.so.3.13.1
67369000-6736a000 rw-p 0003c000 08:02 3015776    /lib/i386-linux-gnu/libpcre.so.3.13.1
6736a000-673ba000 r-xp 00000000 08:02 2758243    /usr/lib/i386-linux-gnu/libgobject-2.0.so.0.4002.0
673ba000-673bb000 r--p 0004f000 08:02 2758243    /usr/lib/i386-linux-gnu/libgobject-2.0.so.0.4002.0
673bb000-673bc000 rw-p 00050000 08:02 2758243    /usr/lib/i386-linux-gnu/libgobject-2.0.so.0.4002.0
673bc000-673bd000 ---p 00000000 00:00 0 
673bd000-6743d000 rw-p 00000000 00:00 0          [stack:7701]
6743d000-67440000 ---p 00000000 00:00 0 
67440000-6748e000 rw-p 00000000 00:00 0          [stack:7698]
6748e000-67491000 ---p 00000000 00:00 0 
67491000-6750f000 rw-p 00000000 00:00 0          [stack:7691]
6750f000-67512000 ---p 00000000 00:00 0 
67512000-67590000 rw-p 00000000 00:00 0          [stack:7688]
67590000-67700000 r--p 00858000 08:02 2761068    /usr/lib/locale/locale-archive
67700000-67900000 r--p 00000000 08:02 2761068    /usr/lib/locale/locale-archive
67900000-67921000 rw-p 00000000 00:00 0 
67921000-67a00000 ---p 00000000 00:00 0 
67a00000-67afc000 rw-p 00000000 00:00 0 
67afc000-67b00000 ---p 00000000 00:00 0 
67b0d000-67b10000 ---p 00000000 00:00 0 
67b10000-67b5e000 rw-p 00000000 00:00 0          [stack:7684]
67b5e000-67b61000 ---p 00000000 00:00 0 
67b61000-67baf000 rw-p 00000000 00:00 0          [stack:7683]
67baf000-67bb2000 ---p 00000000 00:00 0 
67bb2000-67c00000 rw-p 00000000 00:00 0          [stack:7677]
67c00000-67d00000 rw-p 00000000 00:00 0 
67d2b000-67d4b000 r-xp 00000000 08:02 3015803    /lib/i386-linux-gnu/libselinux.so.1
67d4b000-67d4c000 r--p 0001f000 08:02 3015803    /lib/i386-linux-gnu/libselinux.so.1
67d4c000-67d4d000 rw-p 00020000 08:02 3015803    /lib/i386-linux-gnu/libselinux.so.1
67d4d000-67d4e000 rw-p 00000000 00:00 0 
67d4e000-67d4f000 ---p 00000000 00:00 0 
67d4f000-67dcf000 rw-p 00000000 00:00 0          [stack:7673]
67dcf000-67f80000 r--s 01d27000 08:02 2764031    /usr/lib/jvm/java-7-openjdk-i386/jre/lib/rt.jar
67f80000-6a800000 rw-p 00000000 00:00 0 
6a800000-6a8fb000 rw-p 00000000 00:00 0 
6a8fb000-6a900000 ---p 00000000 00:00 0 
6a903000-6a908000 r-xp 00000000 08:02 2758114    /usr/lib/i386-linux-gnu/libffi.so.6.0.1
6a908000-6a909000 r--p 00005000 08:02 2758114    /usr/lib/i386-linux-gnu/libffi.so.6.0.1
6a909000-6a90a000 rw-p 00006000 08:02 2758114    /usr/lib/i386-linux-gnu/libffi.so.6.0.1
6a90a000-6a91d000 r-xp 00000000 08:02 3023126    /lib/i386-linux-gnu/libresolv-2.19.so
6a91d000-6a91e000 ---p 00013000 08:02 3023126    /lib/i386-linux-gnu/libresolv-2.19.so
6a91e000-6a91f000 r--p 00013000 08:02 3023126    /lib/i386-linux-gnu/libresolv-2.19.so
6a91f000-6a920000 rw-p 00014000 08:02 3023126    /lib/i386-linux-gnu/libresolv-2.19.so
6a920000-6a922000 rw-p 00000000 00:00 0 
6a936000-6a97f000 rw-p 00000000 00:00 0 
6a97f000-6a980000 ---p 00000000 00:00 0 
6a980000-6aa00000 rw-p 00000000 00:00 0          [stack:7671]
6aa00000-6aa21000 rw-p 00000000 00:00 0 
6aa21000-6ab00000 ---p 00000000 00:00 0 
6ab00000-6ab21000 rw-p 00000000 00:00 0 
6ab21000-6ac00000 ---p 00000000 00:00 0 
6ac06000-6ac09000 r-xp 00000000 08:02 2758227    /usr/lib/i386-linux-gnu/libgmodule-2.0.so.0.4002.0
6ac09000-6ac0a000 r--p 00002000 08:02 2758227    /usr/lib/i386-linux-gnu/libgmodule-2.0.so.0.4002.0
6ac0a000-6ac0b000 rw-p 00003000 08:02 2758227    /usr/lib/i386-linux-gnu/libgmodule-2.0.so.0.4002.0
6ac0b000-6ac22000 r-xp 00000000 08:02 2764010    /usr/lib/jvm/java-7-openjdk-i386/jre/lib/i386/libnet.so
6ac22000-6ac23000 r--p 00017000 08:02 2764010    /usr/lib/jvm/java-7-openjdk-i386/jre/lib/i386/libnet.so
6ac23000-6ac24000 rw-p 00018000 08:02 2764010    /usr/lib/jvm/java-7-openjdk-i386/jre/lib/i386/libnet.so
6ac24000-6ac7f000 rw-p 00000000 00:00 0 
6ac7f000-6ac80000 ---p 00000000 00:00 0 
6ac80000-6ad00000 rw-p 00000000 00:00 0          [stack:7670]
6ad00000-6ad21000 rw-p 00000000 00:00 0 
6ad21000-6ae00000 ---p 00000000 00:00 0 
6ae02000-6ae13000 r-xp 00000000 08:02 2763980    /usr/lib/jvm/java-7-openjdk-i386/jre/lib/i386/libnio.so
6ae13000-6ae14000 r--p 00010000 08:02 2763980    /usr/lib/jvm/java-7-openjdk-i386/jre/lib/i386/libnio.so
6ae14000-6ae15000 rw-p 00011000 08:02 2763980    /usr/lib/jvm/java-7-openjdk-i386/jre/lib/i386/libnio.so
6ae15000-6ae27000 r--s 000c6000 08:07 76567      /media/vantuan/Android/AndroidUbuntu/MaterialDesign/app/build/intermediates/exploded-aar/com.android.support/support-v4/22.1.1/classes.jar
6ae27000-6ae28000 ---p 00000000 00:00 0 
6ae28000-6aea8000 rw-p 00000000 00:00 0          [stack:7665]
6aea8000-6aea9000 ---p 00000000 00:00 0 
6aea9000-6af31000 rw-p 00000000 00:00 0          [stack:7656]
6af31000-6af69000 rw-p 00000000 00:00 0 
6af69000-6af7e000 rw-p 00000000 00:00 0 
6af7e000-6b0bf000 rw-p 00000000 00:00 0 
6b0bf000-6b0c7000 rw-p 00000000 00:00 0 
6b0c7000-6b0ff000 rw-p 00000000 00:00 0 
6b0ff000-6b114000 rw-p 00000000 00:00 0 
6b114000-6b254000 rw-p 00000000 00:00 0 
6b254000-6b276000 rw-p 00000000 00:00 0 
6b276000-6b2ff000 rw-p 00000000 00:00 0 
6b2ff000-6c300000 rw-p 00000000 00:00 0 
6c300000-73300000 rw-p 00000000 00:00 0 
73300000-75bc0000 rw-p 00000000 00:00 0 
75bc0000-9dd80000 rw-p 00000000 00:00 0 
9dd80000-a2080000 rw-p 00000000 00:00 0 
a2080000-b3300000 rw-p 00000000 00:00 0 
b3302000-b3311000 r--s 000dd000 08:02 393989     /home/vantuan/Android/Sdk/build-tools/21.1.2/lib/dx.jar
b3311000-b3315000 r--s 0003c000 08:02 2764042    /usr/lib/jvm/java-7-openjdk-i386/jre/lib/ext/sunpkcs11.jar
b3315000-b3318000 r--s 0000f000 08:02 2764041    /usr/lib/jvm/java-7-openjdk-i386/jre/lib/ext/icedtea-sound.jar
b3318000-b333c000 rw-p 00000000 00:00 0 
b333c000-b33f3000 rw-p 00000000 00:00 0 
b33f3000-b3633000 rwxp 00000000 00:00 0 
b3633000-b63f3000 rw-p 00000000 00:00 0 
b63f3000-b63fe000 r-xp 00000000 08:02 3023128    /lib/i386-linux-gnu/libnss_files-2.19.so
b63fe000-b63ff000 r--p 0000a000 08:02 3023128    /lib/i386-linux-gnu/libnss_files-2.19.so
b63ff000-b6400000 rw-p 0000b000 08:02 3023128    /lib/i386-linux-gnu/libnss_files-2.19.so
b6400000-b64ff000 rw-p 00000000 00:00 0 
b64ff000-b6500000 ---p 00000000 00:00 0 
b6502000-b6504000 r--s 00012000 08:02 2764046    /usr/lib/jvm/java-7-openjdk-i386/jre/lib/ext/zipfs.jar
b6504000-b6507000 r--s 00086000 08:02 2764043    /usr/lib/jvm/java-7-openjdk-i386/jre/lib/ext/localedata.jar
b6507000-b650b000 r--s 00034000 08:02 2764044    /usr/lib/jvm/java-7-openjdk-i386/jre/lib/ext/sunjce_provider.jar
b650b000-b6515000 r-xp 00000000 08:02 3023114    /lib/i386-linux-gnu/libnss_nis-2.19.so
b6515000-b6516000 r--p 00009000 08:02 3023114    /lib/i386-linux-gnu/libnss_nis-2.19.so
b6516000-b6517000 rw-p 0000a000 08:02 3023114    /lib/i386-linux-gnu/libnss_nis-2.19.so
b6517000-b652c000 r-xp 00000000 08:02 3023115    /lib/i386-linux-gnu/libnsl-2.19.so
b652c000-b652d000 r--p 00015000 08:02 3023115    /lib/i386-linux-gnu/libnsl-2.19.so
b652d000-b652e000 rw-p 00016000 08:02 3023115    /lib/i386-linux-gnu/libnsl-2.19.so
b652e000-b6530000 rw-p 00000000 00:00 0 
b6530000-b6537000 r-xp 00000000 08:02 3023120    /lib/i386-linux-gnu/libnss_compat-2.19.so
b6537000-b6538000 r--p 00006000 08:02 3023120    /lib/i386-linux-gnu/libnss_compat-2.19.so
b6538000-b6539000 rw-p 00007000 08:02 3023120    /lib/i386-linux-gnu/libnss_compat-2.19.so
b6539000-b653b000 r--s 00006000 08:02 3418671    /usr/share/java/java-atk-wrapper.jar
b653b000-b6543000 r-xp 00000000 08:02 2763981    /usr/lib/jvm/java-7-openjdk-i386/jre/lib/i386/libzip.so
b6543000-b6544000 r--p 00007000 08:02 2763981    /usr/lib/jvm/java-7-openjdk-i386/jre/lib/i386/libzip.so
b6544000-b6545000 rw-p 00008000 08:02 2763981    /usr/lib/jvm/java-7-openjdk-i386/jre/lib/i386/libzip.so
b6545000-b654d000 rw-s 00000000 08:02 4339965    /tmp/hsperfdata_vantuan/7644
b654d000-b6574000 r-xp 00000000 08:02 2763976    /usr/lib/jvm/java-7-openjdk-i386/jre/lib/i386/libjava.so
b6574000-b6575000 r--p 00026000 08:02 2763976    /usr/lib/jvm/java-7-openjdk-i386/jre/lib/i386/libjava.so
b6575000-b6576000 rw-p 00027000 08:02 2763976    /usr/lib/jvm/java-7-openjdk-i386/jre/lib/i386/libjava.so
b6576000-b657d000 r-xp 00000000 08:02 3023129    /lib/i386-linux-gnu/librt-2.19.so
b657d000-b657e000 r--p 00006000 08:02 3023129    /lib/i386-linux-gnu/librt-2.19.so
b657e000-b657f000 rw-p 00007000 08:02 3023129    /lib/i386-linux-gnu/librt-2.19.so
b657f000-b6582000 ---p 00000000 00:00 0 
b6582000-b65d0000 rw-p 00000000 00:00 0          [stack:7652]
b65d0000-b65ec000 r-xp 00000000 08:02 3015700    /lib/i386-linux-gnu/libgcc_s.so.1
b65ec000-b65ed000 rw-p 0001b000 08:02 3015700    /lib/i386-linux-gnu/libgcc_s.so.1
b65ed000-b6631000 r-xp 00000000 08:02 3023119    /lib/i386-linux-gnu/libm-2.19.so
b6631000-b6632000 r--p 00043000 08:02 3023119    /lib/i386-linux-gnu/libm-2.19.so
b6632000-b6633000 rw-p 00044000 08:02 3023119    /lib/i386-linux-gnu/libm-2.19.so
b6633000-b670f000 r-xp 00000000 08:02 2758736    /usr/lib/i386-linux-gnu/libstdc++.so.6.0.19
b670f000-b6710000 ---p 000dc000 08:02 2758736    /usr/lib/i386-linux-gnu/libstdc++.so.6.0.19
b6710000-b6714000 r--p 000dc000 08:02 2758736    /usr/lib/i386-linux-gnu/libstdc++.so.6.0.19
b6714000-b6715000 rw-p 000e0000 08:02 2758736    /usr/lib/i386-linux-gnu/libstdc++.so.6.0.19
b6715000-b671c000 rw-p 00000000 00:00 0 
b671c000-b710a000 r-xp 00000000 08:02 2763995    /usr/lib/jvm/java-7-openjdk-i386/jre/lib/i386/server/libjvm.so
b710a000-b710b000 ---p 009ee000 08:02 2763995    /usr/lib/jvm/java-7-openjdk-i386/jre/lib/i386/server/libjvm.so
b710b000-b715d000 r--p 009ee000 08:02 2763995    /usr/lib/jvm/java-7-openjdk-i386/jre/lib/i386/server/libjvm.so
b715d000-b7171000 rw-p 00a40000 08:02 2763995    /usr/lib/jvm/java-7-openjdk-i386/jre/lib/i386/server/libjvm.so
b7171000-b758f000 rw-p 00000000 00:00 0 
b758f000-b75a7000 r-xp 00000000 08:02 3015836    /lib/i386-linux-gnu/libz.so.1.2.8
b75a7000-b75a8000 r--p 00017000 08:02 3015836    /lib/i386-linux-gnu/libz.so.1.2.8
b75a8000-b75a9000 rw-p 00018000 08:02 3015836    /lib/i386-linux-gnu/libz.so.1.2.8
b75a9000-b75c1000 r-xp 00000000 08:02 3023124    /lib/i386-linux-gnu/libpthread-2.19.so
b75c1000-b75c2000 r--p 00018000 08:02 3023124    /lib/i386-linux-gnu/libpthread-2.19.so
b75c2000-b75c3000 rw-p 00019000 08:02 3023124    /lib/i386-linux-gnu/libpthread-2.19.so
b75c3000-b75c5000 rw-p 00000000 00:00 0 
b75c5000-b75c8000 r-xp 00000000 08:02 3023112    /lib/i386-linux-gnu/libdl-2.19.so
b75c8000-b75c9000 r--p 00002000 08:02 3023112    /lib/i386-linux-gnu/libdl-2.19.so
b75c9000-b75ca000 rw-p 00003000 08:02 3023112    /lib/i386-linux-gnu/libdl-2.19.so
b75ca000-b7772000 r-xp 00000000 08:02 3023111    /lib/i386-linux-gnu/libc-2.19.so
b7772000-b7774000 r--p 001a8000 08:02 3023111    /lib/i386-linux-gnu/libc-2.19.so
b7774000-b7775000 rw-p 001aa000 08:02 3023111    /lib/i386-linux-gnu/libc-2.19.so
b7775000-b7778000 rw-p 00000000 00:00 0 
b7778000-b7779000 r--s 00002000 08:02 2764045    /usr/lib/jvm/java-7-openjdk-i386/jre/lib/ext/dnsns.jar
b7779000-b777a000 r--p 00855000 08:02 2761068    /usr/lib/locale/locale-archive
b777a000-b777b000 rw-p 00000000 00:00 0 
b777b000-b777c000 r--p 00000000 00:00 0 
b777c000-b778a000 r-xp 00000000 08:02 2764002    /usr/lib/jvm/java-7-openjdk-i386/jre/lib/i386/libverify.so
b778a000-b778b000 r--p 0000d000 08:02 2764002    /usr/lib/jvm/java-7-openjdk-i386/jre/lib/i386/libverify.so
b778b000-b778c000 rw-p 0000e000 08:02 2764002    /usr/lib/jvm/java-7-openjdk-i386/jre/lib/i386/libverify.so
b778c000-b7798000 r-xp 00000000 08:02 2763985    /usr/lib/jvm/java-7-openjdk-i386/jre/lib/i386/jli/libjli.so
b7798000-b7799000 r--p 0000c000 08:02 2763985    /usr/lib/jvm/java-7-openjdk-i386/jre/lib/i386/jli/libjli.so
b7799000-b779a000 rw-p 0000d000 08:02 2763985    /usr/lib/jvm/java-7-openjdk-i386/jre/lib/i386/jli/libjli.so
b779a000-b779d000 rw-p 00000000 00:00 0 
b779d000-b779e000 r-xp 00000000 00:00 0          [vdso]
b779e000-b77a0000 r--p 00000000 00:00 0          [vvar]
b77a0000-b77c0000 r-xp 00000000 08:02 3023113    /lib/i386-linux-gnu/ld-2.19.so
b77c0000-b77c1000 r--p 0001f000 08:02 3023113    /lib/i386-linux-gnu/ld-2.19.so
b77c1000-b77c2000 rw-p 00020000 08:02 3023113    /lib/i386-linux-gnu/ld-2.19.so
bf8ac000-bf8ad000 rwxp 00000000 00:00 0 
bf8df000-bf900000 rw-p 00000000 00:00 0          [stack]

VM Arguments:
jvm_args: -Xmx1024M -Dfile.encoding=UTF-8 -Duser.country=US -Duser.language=en -Duser.variant 
java_command: com.android.dx.command.Main --dex --output /media/vantuan/Android/AndroidUbuntu/MaterialDesign/app/build/intermediates/pre-dexed/debug/classes-d3a27303c2e374e121b73e95b04d93bb201d81d6.jar /media/vantuan/Android/AndroidUbuntu/MaterialDesign/app/build/intermediates/exploded-aar/com.android.support/support-v4/22.1.1/classes.jar
Launcher Type: SUN_STANDARD

Environment Variables:
JAVA_HOME=/usr/lib/jvm/java-7-oracle
PATH=/usr/local/sbin:/usr/local/bin:/usr/sbin:/usr/bin:/sbin:/bin:/usr/games:/usr/local/games:/usr/lib/jvm/java-7-oracle/bin:/usr/lib/jvm/java-7-oracle/db/bin:/usr/lib/jvm/java-7-oracle/jre/bin
SHELL=/bin/bash
DISPLAY=:0

Signal Handlers:
SIGSEGV: [libjvm.so+0x80cd90], sa_mask[0]=0x7ffbfeff, sa_flags=0x10000004
SIGBUS: [libjvm.so+0x80cd90], sa_mask[0]=0x7ffbfeff, sa_flags=0x10000004
SIGFPE: [libjvm.so+0x684dd0], sa_mask[0]=0x7ffbfeff, sa_flags=0x10000004
SIGPIPE: [libjvm.so+0x684dd0], sa_mask[0]=0x7ffbfeff, sa_flags=0x10000004
SIGXFSZ: [libjvm.so+0x684dd0], sa_mask[0]=0x7ffbfeff, sa_flags=0x10000004
SIGILL: [libjvm.so+0x684dd0], sa_mask[0]=0x7ffbfeff, sa_flags=0x10000004
SIGUSR1: SIG_DFL, sa_mask[0]=0x00000000, sa_flags=0x00000000
SIGUSR2: [libjvm.so+0x684c60], sa_mask[0]=0x00000004, sa_flags=0x10000004
SIGHUP: [libjvm.so+0x684e90], sa_mask[0]=0x7ffbfeff, sa_flags=0x10000004
SIGINT: [libjvm.so+0x684e90], sa_mask[0]=0x7ffbfeff, sa_flags=0x10000004
SIGTERM: [libjvm.so+0x684e90], sa_mask[0]=0x7ffbfeff, sa_flags=0x10000004
SIGQUIT: [libjvm.so+0x684e90], sa_mask[0]=0x7ffbfeff, sa_flags=0x10000004
SIGTRAP: SIG_DFL, sa_mask[0]=0x00000000, sa_flags=0x00000000


---------------  S Y S T E M  ---------------

OS:Ubuntu 14.04 (trusty)
uname:Linux 3.16.0-36-generic #48~14.04.1-Ubuntu SMP Wed Apr 15 13:12:28 UTC 2015 i686
libc:glibc 2.19 NPTL 2.19 
rlimit: STACK 8192k, CORE 0k, NPROC 31263, NOFILE 4096, AS infinity
load average:50,45 18,04 6,92

/proc/meminfo:
MemTotal:        4021256 kB
MemFree:          286460 kB
MemAvailable:     225968 kB
Buffers:            1996 kB
Cached:           424632 kB
SwapCached:            0 kB
Active:          2623308 kB
Inactive:         373068 kB
Active(anon):    2618072 kB
Inactive(anon):   331000 kB
Active(file):       5236 kB
Inactive(file):    42068 kB
Unevictable:          32 kB
Mlocked:              32 kB
HighTotal:       3159812 kB
HighFree:         116308 kB
LowTotal:         861444 kB
LowFree:          170152 kB
SwapTotal:             0 kB
SwapFree:              0 kB
Dirty:               160 kB
Writeback:             0 kB
AnonPages:       2570260 kB
Mapped:           779504 kB
Shmem:            378844 kB
Slab:              43548 kB
SReclaimable:      18384 kB
SUnreclaim:        25164 kB
KernelStack:        5256 kB
PageTables:        15264 kB
NFS_Unstable:          0 kB
Bounce:                0 kB
WritebackTmp:          0 kB
CommitLimit:     2010628 kB
Committed_AS:    6918888 kB
VmallocTotal:     122880 kB
VmallocUsed:       31180 kB
VmallocChunk:      49872 kB
AnonHugePages:   1236992 kB
HugePages_Total:       0
HugePages_Free:        0
HugePages_Rsvd:        0
HugePages_Surp:        0
Hugepagesize:       2048 kB
DirectMap4k:       47096 kB
DirectMap2M:      860160 kB


CPU:total 4 (2 cores per cpu, 2 threads per core) family 6 model 58 stepping 9, cmov, cx8, fxsr, mmx, sse, sse2, sse3, ssse3, sse4.1, sse4.2, popcnt, avx, aes, erms, ht, tsc, tscinvbit, tscinv

/proc/cpuinfo:
processor	: 0
vendor_id	: GenuineIntel
cpu family	: 6
model		: 58
model name	: Intel(R) Core(TM) i5-3230M CPU @ 2.60GHz
stepping	: 9
microcode	: 0x15
cpu MHz		: 1635.054
cache size	: 3072 KB
physical id	: 0
siblings	: 4
core id		: 0
cpu cores	: 2
apicid		: 0
initial apicid	: 0
fdiv_bug	: no
f00f_bug	: no
coma_bug	: no
fpu		: yes
fpu_exception	: yes
cpuid level	: 13
wp		: yes
flags		: fpu vme de pse tsc msr pae mce cx8 apic sep mtrr pge mca cmov pat pse36 clflush dts acpi mmx fxsr sse sse2 ss ht tm pbe nx rdtscp lm constant_tsc arch_perfmon pebs bts xtopology nonstop_tsc aperfmperf eagerfpu pni pclmulqdq dtes64 monitor ds_cpl vmx est tm2 ssse3 cx16 xtpr pdcm pcid sse4_1 sse4_2 x2apic popcnt tsc_deadline_timer aes xsave avx f16c rdrand lahf_lm ida arat epb xsaveopt pln pts dtherm tpr_shadow vnmi flexpriority ept vpid fsgsbase smep erms
bogomips	: 5188.29
clflush size	: 64
cache_alignment	: 64
address sizes	: 36 bits physical, 48 bits virtual
power management:

processor	: 1
vendor_id	: GenuineIntel
cpu family	: 6
model		: 58
model name	: Intel(R) Core(TM) i5-3230M CPU @ 2.60GHz
stepping	: 9
microcode	: 0x15
cpu MHz		: 1300.609
cache size	: 3072 KB
physical id	: 0
siblings	: 4
core id		: 0
cpu cores	: 2
apicid		: 1
initial apicid	: 1
fdiv_bug	: no
f00f_bug	: no
coma_bug	: no
fpu		: yes
fpu_exception	: yes
cpuid level	: 13
wp		: yes
flags		: fpu vme de pse tsc msr pae mce cx8 apic sep mtrr pge mca cmov pat pse36 clflush dts acpi mmx fxsr sse sse2 ss ht tm pbe nx rdtscp lm constant_tsc arch_perfmon pebs bts xtopology nonstop_tsc aperfmperf eagerfpu pni pclmulqdq dtes64 monitor ds_cpl vmx est tm2 ssse3 cx16 xtpr pdcm pcid sse4_1 sse4_2 x2apic popcnt tsc_deadline_timer aes xsave avx f16c rdrand lahf_lm ida arat epb xsaveopt pln pts dtherm tpr_shadow vnmi flexpriority ept vpid fsgsbase smep erms
bogomips	: 5188.29
clflush size	: 64
cache_alignment	: 64
address sizes	: 36 bits physical, 48 bits virtual
power management:

processor	: 2
vendor_id	: GenuineIntel
cpu family	: 6
model		: 58
model name	: Intel(R) Core(TM) i5-3230M CPU @ 2.60GHz
stepping	: 9
microcode	: 0x15
cpu MHz		: 1384.398
cache size	: 3072 KB
physical id	: 0
siblings	: 4
core id		: 1
cpu cores	: 2
apicid		: 2
initial apicid	: 2
fdiv_bug	: no
f00f_bug	: no
coma_bug	: no
fpu		: yes
fpu_exception	: yes
cpuid level	: 13
wp		: yes
flags		: fpu vme de pse tsc msr pae mce cx8 apic sep mtrr pge mca cmov pat pse36 clflush dts acpi mmx fxsr sse sse2 ss ht tm pbe nx rdtscp lm constant_tsc arch_perfmon pebs bts xtopology nonstop_tsc aperfmperf eagerfpu pni pclmulqdq dtes64 monitor ds_cpl vmx est tm2 ssse3 cx16 xtpr pdcm pcid sse4_1 sse4_2 x2apic popcnt tsc_deadline_timer aes xsave avx f16c rdrand lahf_lm ida arat epb xsaveopt pln pts dtherm tpr_shadow vnmi flexpriority ept vpid fsgsbase smep erms
bogomips	: 5188.29
clflush size	: 64
cache_alignment	: 64
address sizes	: 36 bits physical, 48 bits virtual
power management:

processor	: 3
vendor_id	: GenuineIntel
cpu family	: 6
model		: 58
model name	: Intel(R) Core(TM) i5-3230M CPU @ 2.60GHz
stepping	: 9
microcode	: 0x15
cpu MHz		: 1209.406
cache size	: 3072 KB
physical id	: 0
siblings	: 4
core id		: 1
cpu cores	: 2
apicid		: 3
initial apicid	: 3
fdiv_bug	: no
f00f_bug	: no
coma_bug	: no
fpu		: yes
fpu_exception	: yes
cpuid level	: 13
wp		: yes
flags		: fpu vme de pse tsc msr pae mce cx8 apic sep mtrr pge mca cmov pat pse36 clflush dts acpi mmx fxsr sse sse2 ss ht tm pbe nx rdtscp lm constant_tsc arch_perfmon pebs bts xtopology nonstop_tsc aperfmperf eagerfpu pni pclmulqdq dtes64 monitor ds_cpl vmx est tm2 ssse3 cx16 xtpr pdcm pcid sse4_1 sse4_2 x2apic popcnt tsc_deadline_timer aes xsave avx f16c rdrand lahf_lm ida arat epb xsaveopt pln pts dtherm tpr_shadow vnmi flexpriority ept vpid fsgsbase smep erms
bogomips	: 5188.29
clflush size	: 64
cache_alignment	: 64
address sizes	: 36 bits physical, 48 bits virtual
power management:



Memory: 4k page, physical 4021256k(285840k free), swap 0k(0k free)

vm_info: OpenJDK Server VM (24.79-b02) for linux-x86 JRE (1.7.0_79-b14), built on Apr 16 2015 08:24:42 by "buildd" with gcc 4.8.2

time: Wed May  6 10:36:34 2015
elapsed time: 137 seconds

