#
# There is insufficient memory for the Java Runtime Environment to continue.
# Native memory allocation (malloc) failed to allocate 32505856 bytes for committing reserved memory.
# Possible reasons:
#   The system is out of physical RAM or swap space
#   In 32 bit mode, the process size limit was hit
# Possible solutions:
#   Reduce memory load on the system
#   Increase physical memory or swap space
#   Check if swap backing store is full
#   Use 64 bit Java on a 64 bit OS
#   Decrease Java heap size (-Xmx/-Xms)
#   Decrease number of Java threads
#   Decrease Java thread stack sizes (-Xss)
#   Set larger code cache with -XX:ReservedCodeCacheSize=
# This output file may be truncated or incomplete.
#
#  Out of Memory Error (os_linux.cpp:2809), pid=7705, tid=1741482816
#
# JRE version: OpenJDK Runtime Environment (7.0_79-b14) (build 1.7.0_79-b14)
# Java VM: OpenJDK Server VM (24.79-b02 mixed mode linux-x86 )
# Derivative: IcedTea 2.5.5
# Distribution: Ubuntu 14.04 LTS, package 7u79-2.5.5-0ubuntu0.14.04.2
# Failed to write core dump. Core dumps have been disabled. To enable core dumping, try "ulimit -c unlimited" before starting Java again
#

---------------  T H R E A D  ---------------

Current thread (0x67b81400):  VMThread [stack: 0x67c4e000,0x67ccf000] [id=7714]

Stack: [0x67c4e000,0x67ccf000]
VM_Operation (0xb655b8d0): ParallelGCFailedAllocation, mode: safepoint, requested by thread 0xb6407800


---------------  P R O C E S S  ---------------

Java Threads: ( => current thread )
  0x67b9e000 JavaThread "Service Thread" daemon [_thread_blocked, id=7720, stack(0x673ec000,0x6743d000)]
  0x67b9c400 JavaThread "C2 CompilerThread1" daemon [_thread_blocked, id=7719, stack(0x6743d000,0x674be000)]
  0x67b9a400 JavaThread "C2 CompilerThread0" daemon [_thread_blocked, id=7718, stack(0x674be000,0x6753f000)]
  0x67b98800 JavaThread "Signal Dispatcher" daemon [_thread_blocked, id=7717, stack(0x6753f000,0x67590000)]
  0x67b85800 JavaThread "Finalizer" daemon [_thread_blocked, id=7716, stack(0x6a82e000,0x6a87f000)]
  0x67b83c00 JavaThread "Reference Handler" daemon [_thread_blocked, id=7715, stack(0x6aa2e000,0x6aa7f000)]
  0xb6407800 JavaThread "main" [_thread_blocked, id=7709, stack(0xb650c000,0xb655d000)]

Other Threads:
=>0x67b81400 VMThread [stack: 0x67c4e000,0x67ccf000] [id=7714]
  0x67b9fc00 WatcherThread [stack: 0x6736b000,0x673ec000] [id=7721]

VM state:at safepoint (normal execution)

VM Mutex/Monitor currently owned by a thread:  ([mutex/lock_event])
[0xb64051b8] Threads_lock - owner thread: 0x67b81400
[0xb64055c8] Heap_lock - owner thread: 0xb6407800

Heap
 PSYoungGen      total 34304K, used 2560K [0x9dd40000, 0xa0140000, 0xb32c0000)
  eden space 31744K, 0% used [0x9dd40000,0x9dd40000,0x9fc40000)
  from space 2560K, 100% used [0x9fc40000,0x9fec0000,0x9fec0000)
  to   space 2560K, 0% used [0x9fec0000,0x9fec0000,0xa0140000)
 ParOldGen       total 41728K, used 8538K [0x732c0000, 0x75b80000, 0x9dd40000)
  object space 41728K, 20% used [0x732c0000,0x73b16bb8,0x75b80000)
 PSPermGen       total 16384K, used 3960K [0x6b2c0000, 0x6c2c0000, 0x732c0000)
  object space 16384K, 24% used [0x6b2c0000,0x6b69e358,0x6c2c0000)

Card table byte_map: [0x6b07f000,0x6b2c0000] byte_map_base: 0x6ad25a00

Polling page: 0xb7708000

Code Cache  [0xb3388000, 0xb35c8000, 0xb6388000)
 total_blobs=456 nmethods=334 adapters=73 free_code_cache=47965Kb largest_free_block=49092992

Compilation events (10 events):
Event: 6,297 Thread 0x67b9c400 nmethod 332 0xb33da608 code [0xb33da700, 0xb33da870]
Event: 6,297 Thread 0x67b9c400  335             com.android.dx.ssa.back.LivenessAnalyzer::coInterferePhis (128 bytes)
Event: 6,318 Thread 0x67b9a400 nmethod 334 0xb33e79c8 code [0xb33e7b20, 0xb33e7ed8]
Event: 6,318 Thread 0x67b9a400  336             com.android.dx.dex.code.RopTranslator$LocalVariableAwareTranslationVisitor::addIntroductionIfNecessary (30 bytes)
Event: 6,328 Thread 0x67b9c400 nmethod 335 0xb34ac5c8 code [0xb34ac760, 0xb34acd70]
Event: 6,328 Thread 0x67b9c400  337             com.android.dx.rop.code.LocalVariableInfo::getAssignment (12 bytes)
Event: 6,349 Thread 0x67b9c400 nmethod 337 0xb34ac048 code [0xb34ac160, 0xb34ac324]
Event: 6,349 Thread 0x67b9c400  338             com.android.dx.ssa.SsaMethod::makeExitBlock (134 bytes)
Event: 6,352 Thread 0x67b9a400 nmethod 336 0xb348a8c8 code [0xb348aa40, 0xb348af58]
Event: 6,352 Thread 0x67b9a400  339             com.android.dx.ssa.back.SsaToRop::convertBasicBlocks (151 bytes)

GC Heap History (5 events):
Event: 2,205 GC heap before
{Heap before GC invocations=1 (full 0):
 PSYoungGen      total 18432K, used 15872K [0x9dd40000, 0x9f1c0000, 0xb32c0000)
  eden space 15872K, 100% used [0x9dd40000,0x9ecc0000,0x9ecc0000)
  from space 2560K, 0% used [0x9ef40000,0x9ef40000,0x9f1c0000)
  to   space 2560K, 0% used [0x9ecc0000,0x9ecc0000,0x9ef40000)
 ParOldGen       total 41728K, used 0K [0x732c0000, 0x75b80000, 0x9dd40000)
  object space 41728K, 0% used [0x732c0000,0x732c0000,0x75b80000)
 PSPermGen       total 16384K, used 3825K [0x6b2c0000, 0x6c2c0000, 0x732c0000)
  object space 16384K, 23% used [0x6b2c0000,0x6b67c648,0x6c2c0000)
Event: 2,256 GC heap after
Heap after GC invocations=1 (full 0):
 PSYoungGen      total 18432K, used 2552K [0x9dd40000, 0xa0140000, 0xb32c0000)
  eden space 15872K, 0% used [0x9dd40000,0x9dd40000,0x9ecc0000)
  from space 2560K, 99% used [0x9ecc0000,0x9ef3e1b0,0x9ef40000)
  to   space 2560K, 0% used [0x9fec0000,0x9fec0000,0xa0140000)
 ParOldGen       total 41728K, used 1277K [0x732c0000, 0x75b80000, 0x9dd40000)
  object space 41728K, 3% used [0x732c0000,0x733ff4e8,0x75b80000)
 PSPermGen       total 16384K, used 3825K [0x6b2c0000, 0x6c2c0000, 0x732c0000)
  object space 16384K, 23% used [0x6b2c0000,0x6b67c648,0x6c2c0000)
}
Event: 3,928 GC heap before
{Heap before GC invocations=2 (full 0):
 PSYoungGen      total 18432K, used 18424K [0x9dd40000, 0xa0140000, 0xb32c0000)
  eden space 15872K, 100% used [0x9dd40000,0x9ecc0000,0x9ecc0000)
  from space 2560K, 99% used [0x9ecc0000,0x9ef3e1b0,0x9ef40000)
  to   space 2560K, 0% used [0x9fec0000,0x9fec0000,0xa0140000)
 ParOldGen       total 41728K, used 1277K [0x732c0000, 0x75b80000, 0x9dd40000)
  object space 41728K, 3% used [0x732c0000,0x733ff4e8,0x75b80000)
 PSPermGen       total 16384K, used 3916K [0x6b2c0000, 0x6c2c0000, 0x732c0000)
  object space 16384K, 23% used [0x6b2c0000,0x6b693398,0x6c2c0000)
Event: 3,993 GC heap after
Heap after GC invocations=2 (full 0):
 PSYoungGen      total 34304K, used 2546K [0x9dd40000, 0xa0140000, 0xb32c0000)
  eden space 31744K, 0% used [0x9dd40000,0x9dd40000,0x9fc40000)
  from space 2560K, 99% used [0x9fec0000,0xa013caf0,0xa0140000)
  to   space 2560K, 0% used [0x9fc40000,0x9fc40000,0x9fec0000)
 ParOldGen       total 41728K, used 3430K [0x732c0000, 0x75b80000, 0x9dd40000)
  object space 41728K, 8% used [0x732c0000,0x73619918,0x75b80000)
 PSPermGen       total 16384K, used 3916K [0x6b2c0000, 0x6c2c0000, 0x732c0000)
  object space 16384K, 23% used [0x6b2c0000,0x6b693398,0x6c2c0000)
}
Event: 6,476 GC heap before
{Heap before GC invocations=3 (full 0):
 PSYoungGen      total 34304K, used 34290K [0x9dd40000, 0xa0140000, 0xb32c0000)
  eden space 31744K, 100% used [0x9dd40000,0x9fc40000,0x9fc40000)
  from space 2560K, 99% used [0x9fec0000,0xa013caf0,0xa0140000)
  to   space 2560K, 0% used [0x9fc40000,0x9fc40000,0x9fec0000)
 ParOldGen       total 41728K, used 3430K [0x732c0000, 0x75b80000, 0x9dd40000)
  object space 41728K, 8% used [0x732c0000,0x73619918,0x75b80000)
 PSPermGen       total 16384K, used 3960K [0x6b2c0000, 0x6c2c0000, 0x732c0000)
  object space 16384K, 24% used [0x6b2c0000,0x6b69e358,0x6c2c0000)

Deoptimization events (10 events):
Event: 1,618 Thread 0xb6407800 Uncommon trap: reason=null_check action=make_not_entrant pc=0xb33e7e08 method=com.android.dx.rop.code.LocalItem.equals(Ljava/lang/Object;)Z @ 1
Event: 1,855 Thread 0xb6407800 Uncommon trap: reason=bimorphic action=maybe_recompile pc=0xb33f13f8 method=com.android.dx.ssa.NormalSsaInsn.accept(Lcom/android/dx/ssa/SsaInsn$Visitor;)V @ 9
Event: 1,859 Thread 0xb6407800 Uncommon trap: reason=bimorphic action=maybe_recompile pc=0xb33f13f8 method=com.android.dx.ssa.NormalSsaInsn.accept(Lcom/android/dx/ssa/SsaInsn$Visitor;)V @ 9
Event: 1,871 Thread 0xb6407800 Uncommon trap: reason=bimorphic action=maybe_recompile pc=0xb33f13f8 method=com.android.dx.ssa.NormalSsaInsn.accept(Lcom/android/dx/ssa/SsaInsn$Visitor;)V @ 9
Event: 1,894 Thread 0xb6407800 Uncommon trap: reason=bimorphic action=maybe_recompile pc=0xb33f13f8 method=com.android.dx.ssa.NormalSsaInsn.accept(Lcom/android/dx/ssa/SsaInsn$Visitor;)V @ 9
Event: 3,699 Thread 0xb6407800 Uncommon trap: reason=null_check action=make_not_entrant pc=0xb343606c method=com.android.dx.rop.type.Type.putIntern(Lcom/android/dx/rop/type/Type;)Lcom/android/dx/rop/type/Type; @ 18
Event: 4,541 Thread 0xb6407800 Uncommon trap: reason=null_check action=make_not_entrant pc=0xb34220c4 method=com.android.dx.ssa.SsaRenamer.getLocalForNewReg(I)Lcom/android/dx/rop/code/LocalItem; @ 19
Event: 4,543 Thread 0xb6407800 Uncommon trap: reason=unreached action=reinterpret pc=0xb33dfe14 method=com.android.dx.rop.cst.Constant.compareTo(Lcom/android/dx/rop/cst/Constant;)I @ 12
Event: 5,191 Thread 0xb6407800 Uncommon trap: reason=class_check action=maybe_recompile pc=0xb34431b0 method=java.util.HashMap.put(Ljava/lang/Object;Ljava/lang/Object;)Ljava/lang/Object; @ 83
Event: 5,679 Thread 0xb6407800 Uncommon trap: reason=unreached action=reinterpret pc=0xb3437cb0 method=com.android.dx.ssa.SCCP.simulateBranch(Lcom/android/dx/ssa/SsaInsn;)V @ 132

Internal exceptions (10 events):
Event: 1,722 Thread 0xb6407800 Threw 0x9ea246a8 at /build/buildd/openjdk-7-7u79-2.5.5/build/openjdk/hotspot/src/share/vm/prims/jvm.cpp:1284
Event: 1,971 Thread 0xb6407800 Threw 0x9eba2070 at /build/buildd/openjdk-7-7u79-2.5.5/build/openjdk/hotspot/src/share/vm/prims/jvm.cpp:1284
Event: 2,040 Thread 0xb6407800 Threw 0x9ebdcd08 at /build/buildd/openjdk-7-7u79-2.5.5/build/openjdk/hotspot/src/share/vm/prims/jvm.cpp:1284
Event: 2,040 Thread 0xb6407800 Threw 0x9ebdf670 at /build/buildd/openjdk-7-7u79-2.5.5/build/openjdk/hotspot/src/share/vm/prims/jvm.cpp:1284
Event: 2,269 Thread 0xb6407800 Threw 0x9dd6e3e0 at /build/buildd/openjdk-7-7u79-2.5.5/build/openjdk/hotspot/src/share/vm/prims/jvm.cpp:1284
Event: 2,811 Thread 0xb6407800 Threw 0x9e1c4b08 at /build/buildd/openjdk-7-7u79-2.5.5/build/openjdk/hotspot/src/share/vm/prims/jvm.cpp:1284
Event: 3,234 Thread 0xb6407800 Threw 0x9e5d4cd0 at /build/buildd/openjdk-7-7u79-2.5.5/build/openjdk/hotspot/src/share/vm/prims/jvm.cpp:1284
Event: 3,699 Thread 0xb6407800 Implicit null exception at 0xb3435a4a to 0xb343605d
Event: 4,541 Thread 0xb6407800 Implicit null exception at 0xb342122b to 0xb34220b5
Event: 5,685 Thread 0xb6407800 Threw 0x9f27c1b8 at /build/buildd/openjdk-7-7u79-2.5.5/build/openjdk/hotspot/src/share/vm/prims/jvm.cpp:1284

Events (10 events):
Event: 5,191 Thread 0xb6407800 DEOPT UNPACKING pc=0xb33b4bc8 sp=0xb655b9ec mode 2
Event: 5,679 Thread 0xb6407800 Uncommon trap: trap_request=0xffffffad fr.pc=0xb3437cb0
Event: 5,679 Thread 0xb6407800 DEOPT PACKING pc=0xb3437cb0 sp=0xb655ba10
Event: 5,679 Thread 0xb6407800 DEOPT UNPACKING pc=0xb33b4bc8 sp=0xb655ba04 mode 2
Event: 5,684 loading class 0x67285f48
Event: 5,684 loading class 0x67285f48 done
Event: 6,280 Thread 0x67b9a400 flushing nmethod 0xb33da308
Event: 6,287 Thread 0x67b9c400 flushing nmethod 0xb33e7888
Event: 6,290 Thread 0x67b9a400 flushing nmethod 0xb33f0848
Event: 6,476 Executing VM operation: ParallelGCFailedAllocation


Dynamic libraries:
08048000-08049000 r-xp 00000000 08:02 2763940    /usr/lib/jvm/java-7-openjdk-i386/jre/bin/java
08049000-0804a000 r--p 00000000 08:02 2763940    /usr/lib/jvm/java-7-openjdk-i386/jre/bin/java
0804a000-0804b000 rw-p 00001000 08:02 2763940    /usr/lib/jvm/java-7-openjdk-i386/jre/bin/java
0921b000-092ae000 rw-p 00000000 00:00 0          [heap]
66200000-66283000 rw-p 00000000 00:00 0 
66283000-66300000 ---p 00000000 00:00 0 
66400000-664fc000 rw-p 00000000 00:00 0 
664fc000-66500000 ---p 00000000 00:00 0 
66500000-665eb000 rw-p 00000000 00:00 0 
665eb000-66600000 ---p 00000000 00:00 0 
66600000-666fd000 rw-p 00000000 00:00 0 
666fd000-66700000 ---p 00000000 00:00 0 
66700000-667d4000 rw-p 00000000 00:00 0 
667d4000-66800000 ---p 00000000 00:00 0 
66800000-668ff000 rw-p 00000000 00:00 0 
668ff000-66900000 ---p 00000000 00:00 0 
66a00000-66afd000 rw-p 00000000 00:00 0 
66afd000-66b00000 ---p 00000000 00:00 0 
66b00000-66c00000 rw-p 00000000 00:00 0 
66c00000-66cfd000 rw-p 00000000 00:00 0 
66cfd000-66d00000 ---p 00000000 00:00 0 
66e00000-66efe000 rw-p 00000000 00:00 0 
66efe000-66f00000 ---p 00000000 00:00 0 
66f35000-66f71000 r-xp 00000000 08:02 3015776    /lib/i386-linux-gnu/libpcre.so.3.13.1
66f71000-66f72000 r--p 0003b000 08:02 3015776    /lib/i386-linux-gnu/libpcre.so.3.13.1
66f72000-66f73000 rw-p 0003c000 08:02 3015776    /lib/i386-linux-gnu/libpcre.so.3.13.1
66f73000-6707d000 r-xp 00000000 08:02 3015704    /lib/i386-linux-gnu/libglib-2.0.so.0.4002.0
6707d000-6707e000 r--p 00109000 08:02 3015704    /lib/i386-linux-gnu/libglib-2.0.so.0.4002.0
6707e000-6707f000 rw-p 0010a000 08:02 3015704    /lib/i386-linux-gnu/libglib-2.0.so.0.4002.0
6707f000-671fc000 r-xp 00000000 08:02 2758215    /usr/lib/i386-linux-gnu/libgio-2.0.so.0.4002.0
671fc000-671fe000 r--p 0017d000 08:02 2758215    /usr/lib/i386-linux-gnu/libgio-2.0.so.0.4002.0
671fe000-671ff000 rw-p 0017f000 08:02 2758215    /usr/lib/i386-linux-gnu/libgio-2.0.so.0.4002.0
671ff000-67200000 rw-p 00000000 00:00 0 
67200000-672c4000 rw-p 00000000 00:00 0 
672c4000-67300000 ---p 00000000 00:00 0 
67319000-67369000 r-xp 00000000 08:02 2758243    /usr/lib/i386-linux-gnu/libgobject-2.0.so.0.4002.0
67369000-6736a000 r--p 0004f000 08:02 2758243    /usr/lib/i386-linux-gnu/libgobject-2.0.so.0.4002.0
6736a000-6736b000 rw-p 00050000 08:02 2758243    /usr/lib/i386-linux-gnu/libgobject-2.0.so.0.4002.0
6736b000-6736c000 ---p 00000000 00:00 0 
6736c000-673ec000 rw-p 00000000 00:00 0          [stack:7721]
673ec000-673ef000 ---p 00000000 00:00 0 
673ef000-6743d000 rw-p 00000000 00:00 0          [stack:7720]
6743d000-67440000 ---p 00000000 00:00 0 
67440000-674be000 rw-p 00000000 00:00 0          [stack:7719]
674be000-674c1000 ---p 00000000 00:00 0 
674c1000-6753f000 rw-p 00000000 00:00 0          [stack:7718]
6753f000-67542000 ---p 00000000 00:00 0 
67542000-67590000 rw-p 00000000 00:00 0          [stack:7717]
67590000-67700000 r--p 00858000 08:02 2761068    /usr/lib/locale/locale-archive
67700000-67900000 r--p 00000000 08:02 2761068    /usr/lib/locale/locale-archive
67900000-679f0000 rw-p 00000000 00:00 0 
679f0000-67a00000 ---p 00000000 00:00 0 
67a00000-67a21000 rw-p 00000000 00:00 0 
67a21000-67b00000 ---p 00000000 00:00 0 
67b00000-67c00000 rw-p 00000000 00:00 0 
67c24000-67c29000 r-xp 00000000 08:02 2758114    /usr/lib/i386-linux-gnu/libffi.so.6.0.1
67c29000-67c2a000 r--p 00005000 08:02 2758114    /usr/lib/i386-linux-gnu/libffi.so.6.0.1
67c2a000-67c2b000 rw-p 00006000 08:02 2758114    /usr/lib/i386-linux-gnu/libffi.so.6.0.1
67c2b000-67c4b000 r-xp 00000000 08:02 3015803    /lib/i386-linux-gnu/libselinux.so.1
67c4b000-67c4c000 r--p 0001f000 08:02 3015803    /lib/i386-linux-gnu/libselinux.so.1
67c4c000-67c4d000 rw-p 00020000 08:02 3015803    /lib/i386-linux-gnu/libselinux.so.1
67c4d000-67c4e000 rw-p 00000000 00:00 0 
67c4e000-67c4f000 ---p 00000000 00:00 0 
67c4f000-67ccf000 rw-p 00000000 00:00 0          [stack:7714]
67ccf000-67e80000 r--s 01d27000 08:02 2764031    /usr/lib/jvm/java-7-openjdk-i386/jre/lib/rt.jar
67e80000-6a700000 rw-p 00000000 00:00 0 
6a700000-6a7f9000 rw-p 00000000 00:00 0 
6a7f9000-6a800000 ---p 00000000 00:00 0 
6a802000-6a815000 r-xp 00000000 08:02 3023126    /lib/i386-linux-gnu/libresolv-2.19.so
6a815000-6a816000 ---p 00013000 08:02 3023126    /lib/i386-linux-gnu/libresolv-2.19.so
6a816000-6a817000 r--p 00013000 08:02 3023126    /lib/i386-linux-gnu/libresolv-2.19.so
6a817000-6a818000 rw-p 00014000 08:02 3023126    /lib/i386-linux-gnu/libresolv-2.19.so
6a818000-6a81a000 rw-p 00000000 00:00 0 
6a82e000-6a831000 ---p 00000000 00:00 0 
6a831000-6a87f000 rw-p 00000000 00:00 0          [stack:7716]
6a87f000-6a880000 ---p 00000000 00:00 0 
6a880000-6a900000 rw-p 00000000 00:00 0          [stack:7713]
6a900000-6a921000 rw-p 00000000 00:00 0 
6a921000-6aa00000 ---p 00000000 00:00 0 
6aa02000-6aa19000 r-xp 00000000 08:02 2764010    /usr/lib/jvm/java-7-openjdk-i386/jre/lib/i386/libnet.so
6aa19000-6aa1a000 r--p 00017000 08:02 2764010    /usr/lib/jvm/java-7-openjdk-i386/jre/lib/i386/libnet.so
6aa1a000-6aa1b000 rw-p 00018000 08:02 2764010    /usr/lib/jvm/java-7-openjdk-i386/jre/lib/i386/libnet.so
6aa1b000-6aa2c000 r-xp 00000000 08:02 2763980    /usr/lib/jvm/java-7-openjdk-i386/jre/lib/i386/libnio.so
6aa2c000-6aa2d000 r--p 00010000 08:02 2763980    /usr/lib/jvm/java-7-openjdk-i386/jre/lib/i386/libnio.so
6aa2d000-6aa2e000 rw-p 00011000 08:02 2763980    /usr/lib/jvm/java-7-openjdk-i386/jre/lib/i386/libnio.so
6aa2e000-6aa31000 ---p 00000000 00:00 0 
6aa31000-6aa7f000 rw-p 00000000 00:00 0          [stack:7715]
6aa7f000-6aa80000 ---p 00000000 00:00 0 
6aa80000-6ab00000 rw-p 00000000 00:00 0          [stack:7712]
6ab00000-6ab21000 rw-p 00000000 00:00 0 
6ab21000-6ac00000 ---p 00000000 00:00 0 
6ac04000-6ac07000 r-xp 00000000 08:02 2758227    /usr/lib/i386-linux-gnu/libgmodule-2.0.so.0.4002.0
6ac07000-6ac08000 r--p 00002000 08:02 2758227    /usr/lib/i386-linux-gnu/libgmodule-2.0.so.0.4002.0
6ac08000-6ac09000 rw-p 00003000 08:02 2758227    /usr/lib/i386-linux-gnu/libgmodule-2.0.so.0.4002.0
6ac09000-6ac11000 r--s 00036000 08:07 76569      /media/vantuan/Android/AndroidUbuntu/MaterialDesign/app/build/intermediates/exploded-aar/com.android.support/support-v4/22.1.1/libs/internal_impl-22.1.1.jar
6ac11000-6ac20000 r--s 000dd000 08:02 393989     /home/vantuan/Android/Sdk/build-tools/21.1.2/lib/dx.jar
6ac20000-6ac24000 r--s 0003c000 08:02 2764042    /usr/lib/jvm/java-7-openjdk-i386/jre/lib/ext/sunpkcs11.jar
6ac24000-6ac7f000 rw-p 00000000 00:00 0 
6ac7f000-6ac80000 ---p 00000000 00:00 0 
6ac80000-6ad00000 rw-p 00000000 00:00 0          [stack:7711]
6ad00000-6ad21000 rw-p 00000000 00:00 0 
6ad21000-6ae00000 ---p 00000000 00:00 0 
6ae01000-6ae04000 r--s 0000f000 08:02 2764041    /usr/lib/jvm/java-7-openjdk-i386/jre/lib/ext/icedtea-sound.jar
6ae04000-6ae68000 rw-p 00000000 00:00 0 
6ae68000-6ae69000 ---p 00000000 00:00 0 
6ae69000-6aef1000 rw-p 00000000 00:00 0          [stack:7710]
6aef1000-6af29000 rw-p 00000000 00:00 0 
6af29000-6af3e000 rw-p 00000000 00:00 0 
6af3e000-6b07f000 rw-p 00000000 00:00 0 
6b07f000-6b087000 rw-p 00000000 00:00 0 
6b087000-6b0bf000 rw-p 00000000 00:00 0 
6b0bf000-6b0d4000 rw-p 00000000 00:00 0 
6b0d4000-6b214000 rw-p 00000000 00:00 0 
6b214000-6b227000 rw-p 00000000 00:00 0 
6b227000-6b2bf000 rw-p 00000000 00:00 0 
6b2bf000-6c2c0000 rw-p 00000000 00:00 0 
6c2c0000-732c0000 rw-p 00000000 00:00 0 
732c0000-75b80000 rw-p 00000000 00:00 0 
75b80000-9dd40000 rw-p 00000000 00:00 0 
9dd40000-a0140000 rw-p 00000000 00:00 0 
a2040000-b32c0000 rw-p 00000000 00:00 0 
b32c1000-b32c4000 r--s 00086000 08:02 2764043    /usr/lib/jvm/java-7-openjdk-i386/jre/lib/ext/localedata.jar
b32c4000-b32c8000 r--s 00034000 08:02 2764044    /usr/lib/jvm/java-7-openjdk-i386/jre/lib/ext/sunjce_provider.jar
b32c8000-b32d1000 rw-p 00000000 00:00 0 
b32d1000-b3388000 rw-p 00000000 00:00 0 
b3388000-b35c8000 rwxp 00000000 00:00 0 
b35c8000-b6388000 rw-p 00000000 00:00 0 
b6388000-b6393000 r-xp 00000000 08:02 3023128    /lib/i386-linux-gnu/libnss_files-2.19.so
b6393000-b6394000 r--p 0000a000 08:02 3023128    /lib/i386-linux-gnu/libnss_files-2.19.so
b6394000-b6395000 rw-p 0000b000 08:02 3023128    /lib/i386-linux-gnu/libnss_files-2.19.so
b6395000-b639f000 r-xp 00000000 08:02 3023114    /lib/i386-linux-gnu/libnss_nis-2.19.so
b639f000-b63a0000 r--p 00009000 08:02 3023114    /lib/i386-linux-gnu/libnss_nis-2.19.so
b63a0000-b63a1000 rw-p 0000a000 08:02 3023114    /lib/i386-linux-gnu/libnss_nis-2.19.so
b63a1000-b63b6000 r-xp 00000000 08:02 3023115    /lib/i386-linux-gnu/libnsl-2.19.so
b63b6000-b63b7000 r--p 00015000 08:02 3023115    /lib/i386-linux-gnu/libnsl-2.19.so
b63b7000-b63b8000 rw-p 00016000 08:02 3023115    /lib/i386-linux-gnu/libnsl-2.19.so
b63b8000-b63ba000 rw-p 00000000 00:00 0 
b63ba000-b63c1000 r-xp 00000000 08:02 3023120    /lib/i386-linux-gnu/libnss_compat-2.19.so
b63c1000-b63c2000 r--p 00006000 08:02 3023120    /lib/i386-linux-gnu/libnss_compat-2.19.so
b63c2000-b63c3000 rw-p 00007000 08:02 3023120    /lib/i386-linux-gnu/libnss_compat-2.19.so
b63c3000-b63c5000 r--s 00012000 08:02 2764046    /usr/lib/jvm/java-7-openjdk-i386/jre/lib/ext/zipfs.jar
b63c5000-b63cd000 r-xp 00000000 08:02 2763981    /usr/lib/jvm/java-7-openjdk-i386/jre/lib/i386/libzip.so
b63cd000-b63ce000 r--p 00007000 08:02 2763981    /usr/lib/jvm/java-7-openjdk-i386/jre/lib/i386/libzip.so
b63ce000-b63cf000 rw-p 00008000 08:02 2763981    /usr/lib/jvm/java-7-openjdk-i386/jre/lib/i386/libzip.so
b63cf000-b63d7000 rw-s 00000000 08:02 4339963    /tmp/hsperfdata_vantuan/7705
b63d7000-b63fe000 r-xp 00000000 08:02 2763976    /usr/lib/jvm/java-7-openjdk-i386/jre/lib/i386/libjava.so
b63fe000-b63ff000 r--p 00026000 08:02 2763976    /usr/lib/jvm/java-7-openjdk-i386/jre/lib/i386/libjava.so
b63ff000-b6400000 rw-p 00027000 08:02 2763976    /usr/lib/jvm/java-7-openjdk-i386/jre/lib/i386/libjava.so
b6400000-b64ff000 rw-p 00000000 00:00 0 
b64ff000-b6500000 ---p 00000000 00:00 0 
b6501000-b6503000 r--s 00006000 08:02 3418671    /usr/share/java/java-atk-wrapper.jar
b6503000-b650a000 r-xp 00000000 08:02 3023129    /lib/i386-linux-gnu/librt-2.19.so
b650a000-b650b000 r--p 00006000 08:02 3023129    /lib/i386-linux-gnu/librt-2.19.so
b650b000-b650c000 rw-p 00007000 08:02 3023129    /lib/i386-linux-gnu/librt-2.19.so
b650c000-b650f000 ---p 00000000 00:00 0 
b650f000-b655d000 rw-p 00000000 00:00 0          [stack:7709]
b655d000-b6579000 r-xp 00000000 08:02 3015700    /lib/i386-linux-gnu/libgcc_s.so.1
b6579000-b657a000 rw-p 0001b000 08:02 3015700    /lib/i386-linux-gnu/libgcc_s.so.1
b657a000-b65be000 r-xp 00000000 08:02 3023119    /lib/i386-linux-gnu/libm-2.19.so
b65be000-b65bf000 r--p 00043000 08:02 3023119    /lib/i386-linux-gnu/libm-2.19.so
b65bf000-b65c0000 rw-p 00044000 08:02 3023119    /lib/i386-linux-gnu/libm-2.19.so
b65c0000-b669c000 r-xp 00000000 08:02 2758736    /usr/lib/i386-linux-gnu/libstdc++.so.6.0.19
b669c000-b669d000 ---p 000dc000 08:02 2758736    /usr/lib/i386-linux-gnu/libstdc++.so.6.0.19
b669d000-b66a1000 r--p 000dc000 08:02 2758736    /usr/lib/i386-linux-gnu/libstdc++.so.6.0.19
b66a1000-b66a2000 rw-p 000e0000 08:02 2758736    /usr/lib/i386-linux-gnu/libstdc++.so.6.0.19
b66a2000-b66a9000 rw-p 00000000 00:00 0 
b66a9000-b7097000 r-xp 00000000 08:02 2763995    /usr/lib/jvm/java-7-openjdk-i386/jre/lib/i386/server/libjvm.so
b7097000-b7098000 ---p 009ee000 08:02 2763995    /usr/lib/jvm/java-7-openjdk-i386/jre/lib/i386/server/libjvm.so
b7098000-b70ea000 r--p 009ee000 08:02 2763995    /usr/lib/jvm/java-7-openjdk-i386/jre/lib/i386/server/libjvm.so
b70ea000-b70fe000 rw-p 00a40000 08:02 2763995    /usr/lib/jvm/java-7-openjdk-i386/jre/lib/i386/server/libjvm.so
b70fe000-b751c000 rw-p 00000000 00:00 0 
b751c000-b7534000 r-xp 00000000 08:02 3015836    /lib/i386-linux-gnu/libz.so.1.2.8
b7534000-b7535000 r--p 00017000 08:02 3015836    /lib/i386-linux-gnu/libz.so.1.2.8
b7535000-b7536000 rw-p 00018000 08:02 3015836    /lib/i386-linux-gnu/libz.so.1.2.8
b7536000-b754e000 r-xp 00000000 08:02 3023124    /lib/i386-linux-gnu/libpthread-2.19.so
b754e000-b754f000 r--p 00018000 08:02 3023124    /lib/i386-linux-gnu/libpthread-2.19.so
b754f000-b7550000 rw-p 00019000 08:02 3023124    /lib/i386-linux-gnu/libpthread-2.19.so
b7550000-b7552000 rw-p 00000000 00:00 0 
b7552000-b7555000 r-xp 00000000 08:02 3023112    /lib/i386-linux-gnu/libdl-2.19.so
b7555000-b7556000 r--p 00002000 08:02 3023112    /lib/i386-linux-gnu/libdl-2.19.so
b7556000-b7557000 rw-p 00003000 08:02 3023112    /lib/i386-linux-gnu/libdl-2.19.so
b7557000-b76ff000 r-xp 00000000 08:02 3023111    /lib/i386-linux-gnu/libc-2.19.so
b76ff000-b7701000 r--p 001a8000 08:02 3023111    /lib/i386-linux-gnu/libc-2.19.so
b7701000-b7702000 rw-p 001aa000 08:02 3023111    /lib/i386-linux-gnu/libc-2.19.so
b7702000-b7705000 rw-p 00000000 00:00 0 
b7705000-b7706000 r--s 00002000 08:02 2764045    /usr/lib/jvm/java-7-openjdk-i386/jre/lib/ext/dnsns.jar
b7706000-b7707000 r--p 00855000 08:02 2761068    /usr/lib/locale/locale-archive
b7707000-b7708000 rw-p 00000000 00:00 0 
b7708000-b7709000 ---p 00000000 00:00 0 
b7709000-b7717000 r-xp 00000000 08:02 2764002    /usr/lib/jvm/java-7-openjdk-i386/jre/lib/i386/libverify.so
b7717000-b7718000 r--p 0000d000 08:02 2764002    /usr/lib/jvm/java-7-openjdk-i386/jre/lib/i386/libverify.so
b7718000-b7719000 rw-p 0000e000 08:02 2764002    /usr/lib/jvm/java-7-openjdk-i386/jre/lib/i386/libverify.so
b7719000-b7725000 r-xp 00000000 08:02 2763985    /usr/lib/jvm/java-7-openjdk-i386/jre/lib/i386/jli/libjli.so
b7725000-b7726000 r--p 0000c000 08:02 2763985    /usr/lib/jvm/java-7-openjdk-i386/jre/lib/i386/jli/libjli.so
b7726000-b7727000 rw-p 0000d000 08:02 2763985    /usr/lib/jvm/java-7-openjdk-i386/jre/lib/i386/jli/libjli.so
b7727000-b772a000 rw-p 00000000 00:00 0 
b772a000-b772b000 r-xp 00000000 00:00 0          [vdso]
b772b000-b772d000 r--p 00000000 00:00 0          [vvar]
b772d000-b774d000 r-xp 00000000 08:02 3023113    /lib/i386-linux-gnu/ld-2.19.so
b774d000-b774e000 r--p 0001f000 08:02 3023113    /lib/i386-linux-gnu/ld-2.19.so
b774e000-b774f000 rw-p 00020000 08:02 3023113    /lib/i386-linux-gnu/ld-2.19.so
bfb81000-bfb82000 rwxp 00000000 00:00 0 
bfbb4000-bfbd5000 rw-p 00000000 00:00 0          [stack]

VM Arguments:
jvm_args: -Xmx1024M -Dfile.encoding=UTF-8 -Duser.country=US -Duser.language=en -Duser.variant 
java_command: com.android.dx.command.Main --dex --output /media/vantuan/Android/AndroidUbuntu/MaterialDesign/app/build/intermediates/pre-dexed/debug/internal_impl-22.1.1-18ec9a11a4e64c14ffe6e4b5d44944d03308ff2e.jar /media/vantuan/Android/AndroidUbuntu/MaterialDesign/app/build/intermediates/exploded-aar/com.android.support/support-v4/22.1.1/libs/internal_impl-22.1.1.jar
Launcher Type: SUN_STANDARD

Environment Variables:
JAVA_HOME=/usr/lib/jvm/java-7-oracle
PATH=/usr/local/sbin:/usr/local/bin:/usr/sbin:/usr/bin:/sbin:/bin:/usr/games:/usr/local/games:/usr/lib/jvm/java-7-oracle/bin:/usr/lib/jvm/java-7-oracle/db/bin:/usr/lib/jvm/java-7-oracle/jre/bin
SHELL=/bin/bash
DISPLAY=:0

Signal Handlers:
SIGSEGV: [libjvm.so+0x80cd90], sa_mask[0]=0x7ffbfeff, sa_flags=0x10000004
SIGBUS: [libjvm.so+0x80cd90], sa_mask[0]=0x7ffbfeff, sa_flags=0x10000004
SIGFPE: [libjvm.so+0x684dd0], sa_mask[0]=0x7ffbfeff, sa_flags=0x10000004
SIGPIPE: [libjvm.so+0x684dd0], sa_mask[0]=0x7ffbfeff, sa_flags=0x10000004
SIGXFSZ: [libjvm.so+0x684dd0], sa_mask[0]=0x7ffbfeff, sa_flags=0x10000004
SIGILL: [libjvm.so+0x684dd0], sa_mask[0]=0x7ffbfeff