#
# There is insufficient memory for the Java Runtime Environment to continue.
# Native memory allocation (malloc) failed to allocate 41943040 bytes for committing reserved memory.
# Possible reasons:
#   The system is out of physical RAM or swap space
#   In 32 bit mode, the process size limit was hit
# Possible solutions:
#   Reduce memory load on the system
#   Increase physical memory or swap space
#   Check if swap backing store is full
#   Use 64 bit Java on a 64 bit OS
#   Decrease Java heap size (-Xmx/-Xms)
#   Decrease number of Java threads
#   Decrease Java thread stack sizes (-Xss)
#   Set larger code cache with -XX:ReservedCodeCacheSize=
# This output file may be truncated or incomplete.
#
#  Out of Memory Error (os_linux.cpp:2809), pid=7630, tid=1742531392
#
# JRE version: OpenJDK Runtime Environment (7.0_79-b14) (build 1.7.0_79-b14)
# Java VM: OpenJDK Server VM (24.79-b02 mixed mode linux-x86 )
# Derivative: IcedTea 2.5.5
# Distribution: Ubuntu 14.04 LTS, package 7u79-2.5.5-0ubuntu0.14.04.2
# Failed to write core dump. Core dumps have been disabled. To enable core dumping, try "ulimit -c unlimited" before starting Java again
#

---------------  T H R E A D  ---------------

Current thread (0x67c81400):  VMThread [stack: 0x67d4e000,0x67dcf000] [id=7672]

Stack: [0x67d4e000,0x67dcf000]
VM_Operation (0xb65a9968): ParallelGCFailedAllocation, mode: safepoint, requested by thread 0xb6407800


---------------  P R O C E S S  ---------------

Java Threads: ( => current thread )
  0x67c9d000 JavaThread "Service Thread" daemon [_thread_blocked, id=7697, stack(0x6743d000,0x6748e000)]
  0x67c9b400 JavaThread "C2 CompilerThread1" daemon [_thread_blocked, id=7695, stack(0x6748e000,0x6750f000)]
  0x67c99400 JavaThread "C2 CompilerThread0" daemon [_thread_blocked, id=7694, stack(0x6750f000,0x67590000)]
  0x67c97800 JavaThread "Signal Dispatcher" daemon [_thread_blocked, id=7692, stack(0x67b0d000,0x67b5e000)]
  0x67c85800 JavaThread "Finalizer" daemon [_thread_blocked, id=7682, stack(0x67b5e000,0x67baf000)]
  0x67c83c00 JavaThread "Reference Handler" daemon [_thread_blocked, id=7679, stack(0x67baf000,0x67c00000)]
  0xb6407800 JavaThread "main" [_thread_blocked, id=7655, stack(0xb655a000,0xb65ab000)]

Other Threads:
=>0x67c81400 VMThread [stack: 0x67d4e000,0x67dcf000] [id=7672]
  0x67c9ec00 WatcherThread [stack: 0x673bc000,0x6743d000] [id=7702]

VM state:at safepoint (normal execution)

VM Mutex/Monitor currently owned by a thread:  ([mutex/lock_event])
[0xb6405178] Threads_lock - owner thread: 0x67c81400
[0xb6405588] Heap_lock - owner thread: 0xb6407800

Heap
 PSYoungGen      total 34304K, used 2547K [0x9dd80000, 0xa0180000, 0xb3300000)
  eden space 31744K, 0% used [0x9dd80000,0x9dd80000,0x9fc80000)
  from space 2560K, 99% used [0x9fc80000,0x9fefce20,0x9ff00000)
  to   space 2560K, 0% used [0x9ff00000,0x9ff00000,0xa0180000)
 ParOldGen       total 41728K, used 12643K [0x73300000, 0x75bc0000, 0x9dd80000)
  object space 41728K, 30% used [0x73300000,0x73f58d40,0x75bc0000)
 PSPermGen       total 16384K, used 3942K [0x6b300000, 0x6c300000, 0x73300000)
  object space 16384K, 24% used [0x6b300000,0x6b6d9ba8,0x6c300000)

Card table byte_map: [0x6b0bf000,0x6b300000] byte_map_base: 0x6ad65800

Polling page: 0xb7756000

Code Cache  [0xb33ce000, 0xb360e000, 0xb63ce000)
 total_blobs=508 nmethods=388 adapters=73 free_code_cache=47818Kb largest_free_block=48945024

Compilation events (10 events):
Event: 7,545 Thread 0x67c99400 nmethod 391 0xb351efc8 code [0xb351f100, 0xb351f564]
Event: 7,545 Thread 0x67c99400  392             com.android.dx.ssa.back.FirstFitLocalCombiningAllocator::handleUnassociatedParameters (60 bytes)
Event: 7,590 Thread 0x67c99400 nmethod 392 0xb351f948 code [0xb351fae0, 0xb35200d0]
Event: 7,590 Thread 0x67c99400  393             com.android.dx.cf.code.BasicBlocker::setPreviousOffset (6 bytes)
Event: 7,592 Thread 0x67c99400 nmethod 393 0xb34f1d08 code [0xb34f1de0, 0xb34f1e30]
Event: 7,592 Thread 0x67c99400  394             com.android.dx.cf.code.BaseMachine::resultCount (22 bytes)
Event: 7,592 Thread 0x67c99400 nmethod 394 0xb345e948 code [0xb345ea40, 0xb345ea90]
Event: 7,592 Thread 0x67c99400  395             com.android.dx.ssa.SsaMethod::getRegCount (5 bytes)
Event: 7,592 Thread 0x67c99400 nmethod 395 0xb351b1c8 code [0xb351b2a0, 0xb351b2f0]
Event: 7,592 Thread 0x67c99400  396             com.android.dx.rop.code.Rops::ropFor (771 bytes)

GC Heap History (9 events):
Event: 2,202 GC heap before
{Heap before GC invocations=1 (full 0):
 PSYoungGen      total 18432K, used 15872K [0x9dd80000, 0x9f200000, 0xb3300000)
  eden space 15872K, 100% used [0x9dd80000,0x9ed00000,0x9ed00000)
  from space 2560K, 0% used [0x9ef80000,0x9ef80000,0x9f200000)
  to   space 2560K, 0% used [0x9ed00000,0x9ed00000,0x9ef80000)
 ParOldGen       total 41728K, used 0K [0x73300000, 0x75bc0000, 0x9dd80000)
  object space 41728K, 0% used [0x73300000,0x73300000,0x75bc0000)
 PSPermGen       total 16384K, used 3807K [0x6b300000, 0x6c300000, 0x73300000)
  object space 16384K, 23% used [0x6b300000,0x6b6b7f50,0x6c300000)
Event: 2,221 GC heap after
Heap after GC invocations=1 (full 0):
 PSYoungGen      total 18432K, used 2545K [0x9dd80000, 0x9f200000, 0xb3300000)
  eden space 15872K, 0% used [0x9dd80000,0x9dd80000,0x9ed00000)
  from space 2560K, 99% used [0x9ed00000,0x9ef7c500,0x9ef80000)
  to   space 2560K, 0% used [0x9ef80000,0x9ef80000,0x9f200000)
 ParOldGen       total 41728K, used 1208K [0x73300000, 0x75bc0000, 0x9dd80000)
  object space 41728K, 2% used [0x73300000,0x7342e3c0,0x75bc0000)
 PSPermGen       total 16384K, used 3807K [0x6b300000, 0x6c300000, 0x73300000)
  object space 16384K, 23% used [0x6b300000,0x6b6b7f50,0x6c300000)
}
Event: 3,822 GC heap before
{Heap before GC invocations=2 (full 0):
 PSYoungGen      total 18432K, used 18417K [0x9dd80000, 0x9f200000, 0xb3300000)
  eden space 15872K, 100% used [0x9dd80000,0x9ed00000,0x9ed00000)
  from space 2560K, 99% used [0x9ed00000,0x9ef7c500,0x9ef80000)
  to   space 2560K, 0% used [0x9ef80000,0x9ef80000,0x9f200000)
 ParOldGen       total 41728K, used 1208K [0x73300000, 0x75bc0000, 0x9dd80000)
  object space 41728K, 2% used [0x73300000,0x7342e3c0,0x75bc0000)
 PSPermGen       total 16384K, used 3887K [0x6b300000, 0x6c300000, 0x73300000)
  object space 16384K, 23% used [0x6b300000,0x6b6cbe20,0x6c300000)
Event: 3,835 GC heap after
Heap after GC invocations=2 (full 0):
 PSYoungGen      total 18432K, used 2545K [0x9dd80000, 0x9f200000, 0xb3300000)
  eden space 15872K, 0% used [0x9dd80000,0x9dd80000,0x9ed00000)
  from space 2560K, 99% used [0x9ef80000,0x9f1fc610,0x9f200000)
  to   space 2560K, 0% used [0x9ed00000,0x9ed00000,0x9ef80000)
 ParOldGen       total 41728K, used 3159K [0x73300000, 0x75bc0000, 0x9dd80000)
  object space 41728K, 7% used [0x73300000,0x73615c10,0x75bc0000)
 PSPermGen       total 16384K, used 3887K [0x6b300000, 0x6c300000, 0x73300000)
  object space 16384K, 23% used [0x6b300000,0x6b6cbe20,0x6c300000)
}
Event: 5,108 GC heap before
{Heap before GC invocations=3 (full 0):
 PSYoungGen      total 18432K, used 18417K [0x9dd80000, 0x9f200000, 0xb3300000)
  eden space 15872K, 100% used [0x9dd80000,0x9ed00000,0x9ed00000)
  from space 2560K, 99% used [0x9ef80000,0x9f1fc610,0x9f200000)
  to   space 2560K, 0% used [0x9ed00000,0x9ed00000,0x9ef80000)
 ParOldGen       total 41728K, used 3159K [0x73300000, 0x75bc0000, 0x9dd80000)
  object space 41728K, 7% used [0x73300000,0x73615c10,0x75bc0000)
 PSPermGen       total 16384K, used 3918K [0x6b300000, 0x6c300000, 0x73300000)
  object space 16384K, 23% used [0x6b300000,0x6b6d3af8,0x6c300000)
Event: 5,166 GC heap after
Heap after GC invocations=3 (full 0):
 PSYoungGen      total 18432K, used 2550K [0x9dd80000, 0xa0180000, 0xb3300000)
  eden space 15872K, 0% used [0x9dd80000,0x9dd80000,0x9ed00000)
  from space 2560K, 99% used [0x9ed00000,0x9ef7db30,0x9ef80000)
  to   space 2560K, 0% used [0x9ff00000,0x9ff00000,0xa0180000)
 ParOldGen       total 41728K, used 5473K [0x73300000, 0x75bc0000, 0x9dd80000)
  object space 41728K, 13% used [0x73300000,0x73858540,0x75bc0000)
 PSPermGen       total 16384K, used 3918K [0x6b300000, 0x6c300000, 0x73300000)
  object space 16384K, 23% used [0x6b300000,0x6b6d3af8,0x6c300000)
}
Event: 6,091 GC heap before
{Heap before GC invocations=4 (full 0):
 PSYoungGen      total 18432K, used 18422K [0x9dd80000, 0xa0180000, 0xb3300000)
  eden space 15872K, 100% used [0x9dd80000,0x9ed00000,0x9ed00000)
  from space 2560K, 99% used [0x9ed00000,0x9ef7db30,0x9ef80000)
  to   space 2560K, 0% used [0x9ff00000,0x9ff00000,0xa0180000)
 ParOldGen       total 41728K, used 5473K [0x73300000, 0x75bc0000, 0x9dd80000)
  object space 41728K, 13% used [0x73300000,0x73858540,0x75bc0000)
 PSPermGen       total 16384K, used 3932K [0x6b300000, 0x6c300000, 0x73300000)
  object space 16384K, 24% used [0x6b300000,0x6b6d73d8,0x6c300000)
Event: 6,137 GC heap after
Heap after GC invocations=4 (full 0):
 PSYoungGen      total 34304K, used 2547K [0x9dd80000, 0xa0180000, 0xb3300000)
  eden space 31744K, 0% used [0x9dd80000,0x9dd80000,0x9fc80000)
  from space 2560K, 99% used [0x9ff00000,0xa017cf58,0xa0180000)
  to   space 2560K, 0% used [0x9fc80000,0x9fc80000,0x9ff00000)
 ParOldGen       total 41728K, used 8383K [0x73300000, 0x75bc0000, 0x9dd80000)
  object space 41728K, 20% used [0x73300000,0x73b2ff90,0x75bc0000)
 PSPermGen       total 16384K, used 3932K [0x6b300000, 0x6c300000, 0x73300000)
  object space 16384K, 24% used [0x6b300000,0x6b6d73d8,0x6c300000)
}
Event: 7,605 GC heap before
{Heap before GC invocations=5 (full 0):
 PSYoungGen      total 34304K, used 34291K [0x9dd80000, 0xa0180000, 0xb3300000)
  eden space 31744K, 100% used [0x9dd80000,0x9fc80000,0x9fc80000)
  from space 2560K, 99% used [0x9ff00000,0xa017cf58,0xa0180000)
  to   space 2560K, 0% used [0x9fc80000,0x9fc80000,0x9ff00000)
 ParOldGen       total 41728K, used 8383K [0x73300000, 0x75bc0000, 0x9dd80000)
  object space 41728K, 20% used [0x73300000,0x73b2ff90,0x75bc0000)
 PSPermGen       total 16384K, used 3942K [0x6b300000, 0x6c300000, 0x73300000)
  object space 16384K, 24% used [0x6b300000,0x6b6d9ba8,0x6c300000)

Deoptimization events (10 events):
Event: 1,765 Thread 0xb6407800 Uncommon trap: reason=class_check action=maybe_recompile pc=0xb3422c34 method=com.android.dx.ssa.NormalSsaInsn.accept(Lcom/android/dx/ssa/SsaInsn$Visitor;)V @ 9
Event: 1,766 Thread 0xb6407800 Uncommon trap: reason=class_check action=maybe_recompile pc=0xb3422c34 method=com.android.dx.ssa.NormalSsaInsn.accept(Lcom/android/dx/ssa/SsaInsn$Visitor;)V @ 9
Event: 1,906 Thread 0xb6407800 Uncommon trap: reason=unreached action=reinterpret pc=0xb342ec94 method=com.android.dx.rop.cst.Constant.compareTo(Lcom/android/dx/rop/cst/Constant;)I @ 12
Event: 3,133 Thread 0xb6407800 Uncommon trap: reason=null_check action=make_not_entrant pc=0xb3458d14 method=com.android.dx.ssa.SsaRenamer.getLocalForNewReg(I)Lcom/android/dx/rop/code/LocalItem; @ 19
Event: 3,727 Thread 0xb6407800 Uncommon trap: reason=unreached action=reinterpret pc=0xb345d5e4 method=com.android.dx.ssa.LocalVariableExtractor.processBlock(I)V @ 251
Event: 4,209 Thread 0xb6407800 Uncommon trap: reason=null_check action=make_not_entrant pc=0xb344f3a0 method=com.android.dx.rop.type.Type.equals(Ljava/lang/Object;)Z @ 8
Event: 5,552 Thread 0xb6407800 Uncommon trap: reason=bimorphic action=maybe_recompile pc=0xb34c0040 method=com.android.dx.cf.code.BytecodeArray.parseInstruction(ILcom/android/dx/cf/code/BytecodeArray$Visitor;)I @ 1501
Event: 5,564 Thread 0xb6407800 Uncommon trap: reason=bimorphic action=maybe_recompile pc=0xb34c0040 method=com.android.dx.cf.code.BytecodeArray.parseInstruction(ILcom/android/dx/cf/code/BytecodeArray$Visitor;)I @ 1501
Event: 7,407 Thread 0xb6407800 Uncommon trap: reason=bimorphic action=maybe_recompile pc=0xb34c0ad8 method=com.android.dx.cf.code.BytecodeArray.parseInstruction(ILcom/android/dx/cf/code/BytecodeArray$Visitor;)I @ 907
Event: 7,407 Thread 0xb6407800 Uncommon trap: reason=bimorphic action=maybe_recompile pc=0xb34c0ad8 method=com.android.dx.cf.code.BytecodeArray.parseInstruction(ILcom/android/dx/cf/code/BytecodeArray$Visitor;)I @ 907

Internal exceptions (10 events):
Event: 1,664 Thread 0xb6407800 Threw 0x9e869340 at /build/buildd/openjdk-7-7u79-2.5.5/build/openjdk/hotspot/src/share/vm/prims/jvm.cpp:1284
Event: 1,763 Thread 0xb6407800 Implicit null exception at 0xb342c13b to 0xb342c2ed
Event: 2,161 Thread 0xb6407800 Threw 0x9ec999c8 at /build/buildd/openjdk-7-7u79-2.5.5/build/openjdk/hotspot/src/share/vm/prims/jvm.cpp:1284
Event: 3,133 Thread 0xb6407800 Implicit null exception at 0xb3457d23 to 0xb3458d05
Event: 3,673 Thread 0xb6407800 Threw 0x9eb6de28 at /build/buildd/openjdk-7-7u79-2.5.5/build/openjdk/hotspot/src/share/vm/prims/jvm.cpp:1284
Event: 3,852 Thread 0xb6407800 Threw 0x9ddb2a38 at /build/buildd/openjdk-7-7u79-2.5.5/build/openjdk/hotspot/src/share/vm/prims/jvm.cpp:1284
Event: 3,853 Thread 0xb6407800 Threw 0x9ddb5110 at /build/buildd/openjdk-7-7u79-2.5.5/build/openjdk/hotspot/src/share/vm/prims/jvm.cpp:1284
Event: 3,858 Thread 0xb6407800 Threw 0x9ddbf740 at /build/buildd/openjdk-7-7u79-2.5.5/build/openjdk/hotspot/src/share/vm/prims/jvm.cpp:1284
Event: 3,859 Thread 0xb6407800 Threw 0x9ddc2070 at /build/buildd/openjdk-7-7u79-2.5.5/build/openjdk/hotspot/src/share/vm/prims/jvm.cpp:1284
Event: 4,209 Thread 0xb6407800 Implicit null exception at 0xb344f2ab to 0xb344f391

Events (10 events):
Event: 6,137 Executing VM operation: ParallelGCFailedAllocation done
Event: 6,275 Thread 0x67c99400 flushing nmethod 0xb345c688
Event: 7,302 Thread 0x67c99400 flushing nmethod 0xb344f188
Event: 7,407 Thread 0xb6407800 Uncommon trap: trap_request=0xffffffc6 fr.pc=0xb34c0ad8
Event: 7,407 Thread 0xb6407800 DEOPT PACKING pc=0xb34c0ad8 sp=0xb65a9940
Event: 7,407 Thread 0xb6407800 DEOPT UNPACKING pc=0xb33fabc8 sp=0xb65a9954 mode 2
Event: 7,407 Thread 0xb6407800 Uncommon trap: trap_request=0xffffffc6 fr.pc=0xb34c0ad8
Event: 7,407 Thread 0xb6407800 DEOPT PACKING pc=0xb34c0ad8 sp=0xb65a9940
Event: 7,408 Thread 0xb6407800 DEOPT UNPACKING pc=0xb33fabc8 sp=0xb65a9954 mode 2
Event: 7,605 Executing VM operation: ParallelGCFailedAllocation


Dynamic libraries:
08048000-08049000 r-xp 00000000 08:02 2763940    /usr/lib/jvm/java-7-openjdk-i386/jre/bin/java
08049000-0804a000 r--p 00000000 08:02 2763940    /usr/lib/jvm/java-7-openjdk-i386/jre/bin/java
0804a000-0804b000 rw-p 00001000 08:02 2763940    /usr/lib/jvm/java-7-openjdk-i386/jre/bin/java
09a77000-09b27000 rw-p 00000000 00:00 0          [heap]
65c00000-65c60000 rw-p 00000000 00:00 0 
65c60000-65d00000 ---p 00000000 00:00 0 
65e00000-65f00000 rw-p 00000000 00:00 0 
66000000-6607c000 rw-p 00000000 00:00 0 
6607c000-66100000 ---p 00000000 00:00 0 
66200000-662fb000 rw-p 00000000 00:00 0 
662fb000-66300000 ---p 00000000 00:00 0 
66300000-663ee000 rw-p 00000000 00:00 0 
663ee000-66400000 ---p 00000000 00:00 0 
66400000-664f3000 rw-p 00000000 00:00 0 
664f3000-66500000 ---p 00000000 00:00 0 
66600000-66700000 rw-p 00000000 00:00 0 
66800000-668fb000 rw-p 00000000 00:00 0 
668fb000-66900000 ---p 00000000 00:00 0 
66a00000-66af7000 rw-p 00000000 00:00 0 
66af7000-66b00000 ---p 00000000 00:00 0 
66c00000-66cfa000 rw-p 00000000 00:00 0 
66cfa000-66d00000 ---p 00000000 00:00 0 
66e00000-66f00000 rw-p 00000000 00:00 0 
66f04000-66f73000 rw-p 00000000 00:00 0 
66f73000-6707d000 r-xp 00000000 08:02 3015704    /lib/i386-linux-gnu/libglib-2.0.so.0.4002.0
6707d000-6707e000 r--p 00109000 08:02 3015704    /lib/i386-linux-gnu/libglib-2.0.so.0.4002.0
6707e000-6707f000 rw-p 0010a000 08:02 3015704    /lib/i386-linux-gnu/libglib-2.0.so.0.4002.0
6707f000-671fc000 r-xp 00000000 08:02 2758215    /usr/lib/i386-linux-gnu/libgio-2.0.so.0.4002.0
671fc000-671fe000 r--p 0017d000 08:02 2758215    /usr/lib/i386-linux-gnu/libgio-2.0.so.0.4002.0
671fe000-671ff000 rw-p 0017f000 08:02 2758215    /usr/lib/i386-linux-gnu/libgio-2.0.so.0.4002.0
671ff000-67200000 rw-p 00000000 00:00 0 
67200000-672bf000 rw-p 00000000 00:00 0 
672bf000-67300000 ---p 00000000 00:00 0 
6732c000-67368000 r-xp 00000000 08:02 3015776    /lib/i386-linux-gnu/libpcre.so.3.13.1
67368000-67369000 r--p 0003b000 08:02 3015776    /lib/i386-linux-gnu/libpcre.so.3.13.1
67369000-6736a000 rw-p 0003c000 08:02 3015776    /lib/i386-linux-gnu/libpcre.so.3.13.1
6736a000-673ba000 r-xp 00000000 08:02 2758243    /usr/lib/i386-linux-gnu/libgobject-2.0.so.0.4002.0
673ba000-673bb000 r--p 0004f000 08:02 2758243    /usr/lib/i386-linux-gnu/libgobject-2.0.so.0.4002.0
673bb000-673bc000 rw-p 00050000 08:02 2758243    /usr/lib/i386-linux-gnu/libgobject-2.0.so.0.4002.0
673bc000-673bd000 ---p 00000000 00:00 0 
673bd000-6743d000 rw-p 00000000 00:00 0          [stack:7702]
6743d000-67440000 ---p 00000000 00:00 0 
67440000-6748e000 rw-p 00000000 00:00 0          [stack:7697]
6748e000-67491000 ---p 00000000 00:00 0 
67491000-6750f000 rw-p 00000000 00:00 0          [stack:7695]
6750f000-67512000 ---p 00000000 00:00 0 
67512000-67590000 rw-p 00000000 00:00 0          [stack:7694]
67590000-67700000 r--p 00858000 08:02 2761068    /usr/lib/locale/locale-archive
67700000-67900000 r--p 00000000 08:02 2761068    /usr/lib/locale/locale-archive
67900000-67921000 rw-p 00000000 00:00 0 
67921000-67a00000 ---p 00000000 00:00 0 
67a00000-67afa000 rw-p 00000000 00:00 0 
67afa000-67b00000 ---p 00000000 00:00 0 
67b0d000-67b10000 ---p 00000000 00:00 0 
67b10000-67b5e000 rw-p 00000000 00:00 0          [stack:7692]
67b5e000-67b61000 ---p 00000000 00:00 0 
67b61000-67baf000 rw-p 00000000 00:00 0          [stack:7682]
67baf000-67bb2000 ---p 00000000 00:00 0 
67bb2000-67c00000 rw-p 00000000 00:00 0          [stack:7679]
67c00000-67d00000 rw-p 00000000 00:00 0 
67d13000-67d26000 r-xp 00000000 08:02 3023126    /lib/i386-linux-gnu/libresolv-2.19.so
67d26000-67d27000 ---p 00013000 08:02 3023126    /lib/i386-linux-gnu/libresolv-2.19.so
67d27000-67d28000 r--p 00013000 08:02 3023126    /lib/i386-linux-gnu/libresolv-2.19.so
67d28000-67d29000 rw-p 00014000 08:02 3023126    /lib/i386-linux-gnu/libresolv-2.19.so
67d29000-67d2b000 rw-p 00000000 00:00 0 
67d2b000-67d4b000 r-xp 00000000 08:02 3015803    /lib/i386-linux-gnu/libselinux.so.1
67d4b000-67d4c000 r--p 0001f000 08:02 3015803    /lib/i386-linux-gnu/libselinux.so.1
67d4c000-67d4d000 rw-p 00020000 08:02 3015803    /lib/i386-linux-gnu/libselinux.so.1
67d4d000-67d4e000 rw-p 00000000 00:00 0 
67d4e000-67d4f000 ---p 00000000 00:00 0 
67d4f000-67dcf000 rw-p 00000000 00:00 0          [stack:7672]
67dcf000-67f80000 r--s 01d27000 08:02 2764031    /usr/lib/jvm/java-7-openjdk-i386/jre/lib/rt.jar
67f80000-6a800000 rw-p 00000000 00:00 0 
6a800000-6a8fb000 rw-p 00000000 00:00 0 
6a8fb000-6a900000 ---p 00000000 00:00 0 
6a91d000-6a934000 r-xp 00000000 08:02 2764010    /usr/lib/jvm/java-7-openjdk-i386/jre/lib/i386/libnet.so
6a934000-6a935000 r--p 00017000 08:02 2764010    /usr/lib/jvm/java-7-openjdk-i386/jre/lib/i386/libnet.so
6a935000-6a936000 rw-p 00018000 08:02 2764010    /usr/lib/jvm/java-7-openjdk-i386/jre/lib/i386/libnet.so
6a936000-6a97f000 rw-p 00000000 00:00 0 
6a97f000-6a980000 ---p 00000000 00:00 0 
6a980000-6aa00000 rw-p 00000000 00:00 0          [stack:7667]
6aa00000-6aa21000 rw-p 00000000 00:00 0 
6aa21000-6ab00000 ---p 00000000 00:00 0 
6ab00000-6ab21000 rw-p 00000000 00:00 0 
6ab21000-6ac00000 ---p 00000000 00:00 0 
6ac02000-6ac13000 r-xp 00000000 08:02 2763980    /usr/lib/jvm/java-7-openjdk-i386/jre/lib/i386/libnio.so
6ac13000-6ac14000 r--p 00010000 08:02 2763980    /usr/lib/jvm/java-7-openjdk-i386/jre/lib/i386/libnio.so
6ac14000-6ac15000 rw-p 00011000 08:02 2763980    /usr/lib/jvm/java-7-openjdk-i386/jre/lib/i386/libnio.so
6ac15000-6ac24000 r--s 000dd000 08:02 393989     /home/vantuan/Android/Sdk/build-tools/21.1.2/lib/dx.jar
6ac24000-6ac7f000 rw-p 00000000 00:00 0 
6ac7f000-6ac80000 ---p 00000000 00:00 0 
6ac80000-6ad00000 rw-p 00000000 00:00 0          [stack:7663]
6ad00000-6ad21000 rw-p 00000000 00:00 0 
6ad21000-6ae00000 ---p 00000000 00:00 0 
6ae00000-6ae05000 r-xp 00000000 08:02 2758114    /usr/lib/i386-linux-gnu/libffi.so.6.0.1
6ae05000-6ae06000 r--p 00005000 08:02 2758114    /usr/lib/i386-linux-gnu/libffi.so.6.0.1
6ae06000-6ae07000 rw-p 00006000 08:02 2758114    /usr/lib/i386-linux-gnu/libffi.so.6.0.1
6ae07000-6ae0a000 r-xp 00000000 08:02 2758227    /usr/lib/i386-linux-gnu/libgmodule-2.0.so.0.4002.0
6ae0a000-6ae0b000 r--p 00002000 08:02 2758227    /usr/lib/i386-linux-gnu/libgmodule-2.0.so.0.4002.0
6ae0b000-6ae0c000 rw-p 00003000 08:02 2758227    /usr/lib/i386-linux-gnu/libgmodule-2.0.so.0.4002.0
6ae0c000-6ae27000 rw-p 00000000 00:00 0 
6ae27000-6ae28000 ---p 00000000 00:00 0 
6ae28000-6aea8000 rw-p 00000000 00:00 0          [stack:7661]
6aea8000-6aea9000 ---p 00000000 00:00 0 
6aea9000-6af31000 rw-p 00000000 00:00 0          [stack:7657]
6af31000-6af69000 rw-p 00000000 00:00 0 
6af69000-6af7e000 rw-p 00000000 00:00 0 
6af7e000-6b0bf000 rw-p 00000000 00:00 0 
6b0bf000-6b0c7000 rw-p 00000000 00:00 0 
6b0c7000-6b0ff000 rw-p 00000000 00:00 0 
6b0ff000-6b114000 rw-p 00000000 00:00 0 
6b114000-6b254000 rw-p 00000000 00:00 0 
6b254000-6b267000 rw-p 00000000 00:00 0 
6b267000-6b2ff000 rw-p 00000000 00:00 0 
6b2ff000-6c300000 rw-p 00000000 00:00 0 
6c300000-73300000 rw-p 00000000 00:00 0 
73300000-75bc0000 rw-p 00000000 00:00 0 
75bc0000-9dd80000 rw-p 00000000 00:00 0 
9dd80000-a0180000 rw-p 00000000 00:00 0 
a2980000-b3300000 rw-p 00000000 00:00 0 
b3304000-b3307000 r--s 0002d000 08:07 76546      /media/vantuan/Android/AndroidUbuntu/MaterialDesign/app/build/intermediates/exploded-aar/com.android.support/recyclerview-v7/21.0.3/classes.jar
b3307000-b330b000 r--s 0003c000 08:02 2764042    /usr/lib/jvm/java-7-openjdk-i386/jre/lib/ext/sunpkcs11.jar
b330b000-b330e000 r--s 0000f000 08:02 2764041    /usr/lib/jvm/java-7-openjdk-i386/jre/lib/ext/icedtea-sound.jar
b330e000-b3317000 rw-p 00000000 00:00 0 
b3317000-b33ce000 rw-p 00000000 00:00 0 
b33ce000-b360e000 rwxp 00000000 00:00 0 
b360e000-b63ce000 rw-p 00000000 00:00 0 
b63ce000-b63d9000 r-xp 00000000 08:02 3023128    /lib/i386-linux-gnu/libnss_files-2.19.so
b63d9000-b63da000 r--p 0000a000 08:02 3023128    /lib/i386-linux-gnu/libnss_files-2.19.so
b63da000-b63db000 rw-p 0000b000 08:02 3023128    /lib/i386-linux-gnu/libnss_files-2.19.so
b63db000-b63e5000 r-xp 00000000 08:02 3023114    /lib/i386-linux-gnu/libnss_nis-2.19.so
b63e5000-b63e6000 r--p 00009000 08:02 3023114    /lib/i386-linux-gnu/libnss_nis-2.19.so
b63e6000-b63e7000 rw-p 0000a000 08:02 3023114    /lib/i386-linux-gnu/libnss_nis-2.19.so
b63e7000-b63fc000 r-xp 00000000 08:02 3023115    /lib/i386-linux-gnu/libnsl-2.19.so
b63fc000-b63fd000 r--p 00015000 08:02 3023115    /lib/i386-linux-gnu/libnsl-2.19.so
b63fd000-b63fe000 rw-p 00016000 08:02 3023115    /lib/i386-linux-gnu/libnsl-2.19.so
b63fe000-b6400000 rw-p 00000000 00:00 0 
b6400000-b64ff000 rw-p 00000000 00:00 0 
b64ff000-b6500000 ---p 00000000 00:00 0 
b6502000-b6504000 r--s 00012000 08:02 2764046    /usr/lib/jvm/java-7-openjdk-i386/jre/lib/ext/zipfs.jar
b6504000-b6507000 r--s 00086000 08:02 2764043    /usr/lib/jvm/java-7-openjdk-i386/jre/lib/ext/localedata.jar
b6507000-b650b000 r--s 00034000 08:02 2764044    /usr/lib/jvm/java-7-openjdk-i386/jre/lib/ext/sunjce_provider.jar
b650b000-b6512000 r-xp 00000000 08:02 3023120    /lib/i386-linux-gnu/libnss_compat-2.19.so
b6512000-b6513000 r--p 00006000 08:02 3023120    /lib/i386-linux-gnu/libnss_compat-2.19.so
b6513000-b6514000 rw-p 00007000 08:02 3023120    /lib/i386-linux-gnu/libnss_compat-2.19.so
b6514000-b6516000 r--s 00006000 08:02 3418671    /usr/share/java/java-atk-wrapper.jar
b6516000-b651e000 r-xp 00000000 08:02 2763981    /usr/lib/jvm/java-7-openjdk-i386/jre/lib/i386/libzip.so
b651e000-b651f000 r--p 00007000 08:02 2763981    /usr/lib/jvm/java-7-openjdk-i386/jre/lib/i386/libzip.so
b651f000-b6520000 rw-p 00008000 08:02 2763981    /usr/lib/jvm/java-7-openjdk-i386/jre/lib/i386/libzip.so
b6520000-b6528000 rw-s 00000000 08:02 4339962    /tmp/hsperfdata_vantuan/7630
b6528000-b654f000 r-xp 00000000 08:02 2763976    /usr/lib/jvm/java-7-openjdk-i386/jre/lib/i386/libjava.so
b654f000-b6550000 r--p 00026000 08:02 2763976    /usr/lib/jvm/java-7-openjdk-i386/jre/lib/i386/libjava.so
b6550000-b6551000 rw-p 00027000 08:02 2763976    /usr/lib/jvm/java-7-openjdk-i386/jre/lib/i386/libjava.so
b6551000-b6558000 r-xp 00000000 08:02 3023129    /lib/i386-linux-gnu/librt-2.19.so
b6558000-b6559000 r--p 00006000 08:02 3023129    /lib/i386-linux-gnu/librt-2.19.so
b6559000-b655a000 rw-p 00007000 08:02 3023129    /lib/i386-linux-gnu/librt-2.19.so
b655a000-b655d000 ---p 00000000 00:00 0 
b655d000-b65ab000 rw-p 00000000 00:00 0          [stack:7655]
b65ab000-b65c7000 r-xp 00000000 08:02 3015700    /lib/i386-linux-gnu/libgcc_s.so.1
b65c7000-b65c8000 rw-p 0001b000 08:02 3015700    /lib/i386-linux-gnu/libgcc_s.so.1
b65c8000-b660c000 r-xp 00000000 08:02 3023119    /lib/i386-linux-gnu/libm-2.19.so
b660c000-b660d000 r--p 00043000 08:02 3023119    /lib/i386-linux-gnu/libm-2.19.so
b660d000-b660e000 rw-p 00044000 08:02 3023119    /lib/i386-linux-gnu/libm-2.19.so
b660e000-b66ea000 r-xp 00000000 08:02 2758736    /usr/lib/i386-linux-gnu/libstdc++.so.6.0.19
b66ea000-b66eb000 ---p 000dc000 08:02 2758736    /usr/lib/i386-linux-gnu/libstdc++.so.6.0.19
b66eb000-b66ef000 r--p 000dc000 08:02 2758736    /usr/lib/i386-linux-gnu/libstdc++.so.6.0.19
b66ef000-b66f0000 rw-p 000e0000 08:02 2758736    /usr/lib/i386-linux-gnu/libstdc++.so.6.0.19
b66f0000-b66f7000 rw-p 00000000 00:00 0 
b66f7000-b70e5000 r-xp 00000000 08:02 2763995    /usr/lib/jvm/java-7-openjdk-i386/jre/lib/i386/server/libjvm.so
b70e5000-b70e6000 ---p 009ee000 08:02 2763995    /usr/lib/jvm/java-7-openjdk-i386/jre/lib/i386/server/libjvm.so
b70e6000-b7138000 r--p 009ee000 08:02 2763995    /usr/lib/jvm/java-7-openjdk-i386/jre/lib/i386/server/libjvm.so
b7138000-b714c000 rw-p 00a40000 08:02 2763995    /usr/lib/jvm/java-7-openjdk-i386/jre/lib/i386/server/libjvm.so
b714c000-b756a000 rw-p 00000000 00:00 0 
b756a000-b7582000 r-xp 00000000 08:02 3015836    /lib/i386-linux-gnu/libz.so.1.2.8
b7582000-b7583000 r--p 00017000 08:02 3015836    /lib/i386-linux-gnu/libz.so.1.2.8
b7583000-b7584000 rw-p 00018000 08:02 3015836    /lib/i386-linux-gnu/libz.so.1.2.8
b7584000-b759c000 r-xp 00000000 08:02 3023124    /lib/i386-linux-gnu/libpthread-2.19.so
b759c000-b759d000 r--p 00018000 08:02 3023124    /lib/i386-linux-gnu/libpthread-2.19.so
b759d000-b759e000 rw-p 00019000 08:02 3023124    /lib/i386-linux-gnu/libpthread-2.19.so
b759e000-b75a0000 rw-p 00000000 00:00 0 
b75a0000-b75a3000 r-xp 00000000 08:02 3023112    /lib/i386-linux-gnu/libdl-2.19.so
b75a3000-b75a4000 r--p 00002000 08:02 3023112    /lib/i386-linux-gnu/libdl-2.19.so
b75a4000-b75a5000 rw-p 00003000 08:02 3023112    /lib/i386-linux-gnu/libdl-2.19.so
b75a5000-b774d000 r-xp 00000000 08:02 3023111    /lib/i386-linux-gnu/libc-2.19.so
b774d000-b774f000 r--p 001a8000 08:02 3023111    /lib/i386-linux-gnu/libc-2.19.so
b774f000-b7750000 rw-p 001aa000 08:02 3023111    /lib/i386-linux-gnu/libc-2.19.so
b7750000-b7753000 rw-p 00000000 00:00 0 
b7753000-b7754000 r--s 00002000 08:02 2764045    /usr/lib/jvm/java-7-openjdk-i386/jre/lib/ext/dnsns.jar
b7754000-b7755000 r--p 00855000 08:02 2761068    /usr/lib/locale/locale-archive
b7755000-b7756000 rw-p 00000000 00:00 0 
b7756000-b7757000 ---p 00000000 00:00 0 
b7757000-b7765000 r-xp 00000000 08:02 2764002    /usr/lib/jvm/java-7-openjdk-i386/jre/lib/i386/libverify.so
b7765000-b7766000 r--p 0000d000 08:02 2764002    /usr/lib/jvm/java-7-openjdk-i386/jre/lib/i386/libverify.so
b7766000-b7767000 rw-p 0000e000 08:02 2764002    /usr/lib/jvm/java-7-openjdk-i386/jre/lib/i386/libverify.so
b7767000-b7773000 r-xp 00000000 08:02 2763985    /usr/lib/jvm/java-7-openjdk-i386/jre/lib/i386/jli/libjli.so
b7773000-b7774000 r--p 0000c000 08:02 2763985    /usr/lib/jvm/java-7-openjdk-i386/jre/lib/i386/jli/libjli.so
b7774000-b7775000 rw-p 0000d000 08:02 2763985    /usr/lib/jvm/java-7-openjdk-i386/jre/lib/i386/jli/libjli.so
b7775000-b7778000 rw-p 00000000 00:00 0 
b7778000-b7779000 r-xp 00000000 00:00 0          [vdso]
b7779000-b777b000 r--p 00000000 00:00 0          [vvar]
b777b000-b779b000 r-xp 00000000 08:02 3023113    /lib/i386-linux-gnu/ld-2.19.so
b779b000-b779c000 r--p 0001f000 08:02 3023113    /lib/i386-linux-gnu/ld-2.19.so
b779c000-b779d000 rw-p 00020000 08:02 3023113    /lib/i386-linux-gnu/ld-2.19.so
bfd91000-bfd92000 rwxp 00000000 00:00 0 
bfdc4000-bfde5000 rw-p 00000000 00:00 0          [stack]

VM Arguments:
jvm_args: -Xmx1024M -Dfile.encoding=UTF-8 -Duser.country=US -Duser.language=en -Duser.variant 
java_command: com.android.dx.command.Main --dex --output /media/vantuan/Android/AndroidUbuntu/MaterialDesign/app/build/intermediates/pre-dexed/debug/classes-b37d7bce3fa88efa66ed003cd1d2aba26d7da1bb.jar /media/vantuan/Android/AndroidUbuntu/MaterialDesign/app/build/intermediates/exploded-aar/com.android.support/recyclerview-v7/21.0.3/classes.jar
Launcher Type: SUN_STANDARD

Environment Variables:
JAVA_HOME=/usr/lib/jvm/java-7-oracle
PATH=/usr/local/sbin:/usr/local/bin:/usr/sbin:/usr/bin:/sbin:/bin:/usr/games:/usr/local/games:/usr/lib/jvm/java-7-oracle/bin:/usr/lib/jvm/java-7-oracle/db/bin:/usr/lib/jvm/java-7-oracle/jre/bin
SHELL=/bin/bash
DISPLAY=:0

Signal Handlers:
SIGSEGV: [libjvm.so+0x80cd90], sa_mask[0]=0x7ffbfeff, sa_flags=0x10000004
SIGBUS: [libjvm.so+0x80cd90], sa_mask[0]=0x7ffbfeff, sa_flags=0x10000004
SIGFPE: [libjvm.so+0x684dd0], sa_mask[0]=0x7ffbfeff, sa_flags=0x10000004
SIGPIPE: [libjvm.so+0x684dd0], sa_mask[0]=0x7ffbfeff, sa_flags=0x10000004
SIGXFSZ: [libjvm.so+0x684dd0], sa_mask[0]=0x7ffbfeff, sa_flags=0x10000004
SIGILL: [libjvm.so+0x684dd0], sa_mask[0]=0x7ffbfeff