#
# There is insufficient memory for the Java Runtime Environment to continue.
# Native memory allocation (malloc) failed to allocate 43515904 bytes for committing reserved memory.
# Possible reasons:
#   The system is out of physical RAM or swap space
#   In 32 bit mode, the process size limit was hit
# Possible solutions:
#   Reduce memory load on the system
#   Increase physical memory or swap space
#   Check if swap backing store is full
#   Use 64 bit Java on a 64 bit OS
#   Decrease Java heap size (-Xmx/-Xms)
#   Decrease number of Java threads
#   Decrease Java thread stack sizes (-Xss)
#   Set larger code cache with -XX:ReservedCodeCacheSize=
# This output file may be truncated or incomplete.
#
#  Out of Memory Error (os_linux.cpp:2809), pid=6351, tid=1742531392
#
# JRE version: OpenJDK Runtime Environment (7.0_79-b14) (build 1.7.0_79-b14)
# Java VM: OpenJDK Server VM (24.79-b02 mixed mode linux-x86 )
# Derivative: IcedTea 2.5.5
# Distribution: Ubuntu 14.04 LTS, package 7u79-2.5.5-0ubuntu0.14.04.2
# Failed to write core dump. Core dumps have been disabled. To enable core dumping, try "ulimit -c unlimited" before starting Java again
#

---------------  T H R E A D  ---------------

Current thread (0x67c81400):  VMThread [stack: 0x67d4e000,0x67dcf000] [id=6394]

Stack: [0x67d4e000,0x67dcf000]
VM_Operation (0xb65f594c): ParallelGCFailedAllocation, mode: safepoint, requested by thread 0xb6407800


---------------  P R O C E S S  ---------------

Java Threads: ( => current thread )
  0x67c9d000 JavaThread "Service Thread" daemon [_thread_blocked, id=6411, stack(0x6749b000,0x674ec000)]
  0x67c9b400 JavaThread "C2 CompilerThread1" daemon [_thread_blocked, id=6410, stack(0x674ec000,0x6756d000)]
  0x67c99400 JavaThread "C2 CompilerThread0" daemon [_thread_blocked, id=6409, stack(0x6756d000,0x675ee000)]
  0x67c97800 JavaThread "Signal Dispatcher" daemon [_thread_blocked, id=6408, stack(0x675ee000,0x6763f000)]
  0x67c85800 JavaThread "Finalizer" daemon [_thread_blocked, id=6403, stack(0x679af000,0x67a00000)]
  0x67c83c00 JavaThread "Reference Handler" daemon [_thread_blocked, id=6402, stack(0x6a92e000,0x6a97f000)]
  0xb6407800 JavaThread "main" [_thread_blocked, id=6373, stack(0xb65a6000,0xb65f7000)]

Other Threads:
=>0x67c81400 VMThread [stack: 0x67d4e000,0x67dcf000] [id=6394]
  0x67c9f000 WatcherThread [stack: 0x6741a000,0x6749b000] [id=6412]

VM state:at safepoint (normal execution)

VM Mutex/Monitor currently owned by a thread:  ([mutex/lock_event])
[0xb6405178] Threads_lock - owner thread: 0x67c81400
[0xb6405588] Heap_lock - owner thread: 0xb6407800

Heap
 PSYoungGen      total 34304K, used 2555K [0x9ddc0000, 0xa01c0000, 0xb3340000)
  eden space 31744K, 0% used [0x9ddc0000,0x9ddc0000,0x9fcc0000)
  from space 2560K, 99% used [0x9fcc0000,0x9ff3ee58,0x9ff40000)
  to   space 2560K, 0% used [0x9ff40000,0x9ff40000,0xa01c0000)
 ParOldGen       total 41728K, used 13955K [0x73340000, 0x75c00000, 0x9ddc0000)
  object space 41728K, 33% used [0x73340000,0x740e0cb8,0x75c00000)
 PSPermGen       total 16384K, used 3980K [0x6b340000, 0x6c340000, 0x73340000)
  object space 16384K, 24% used [0x6b340000,0x6b723318,0x6c340000)

Card table byte_map: [0x6b0ff000,0x6b340000] byte_map_base: 0x6ada5600

Polling page: 0xb77a2000

Code Cache  [0xb3400000, 0xb3640000, 0xb6400000)
 total_blobs=519 nmethods=397 adapters=73 free_code_cache=47674Kb largest_free_block=48793920

Compilation events (10 events):
Event: 8,193 Thread 0x67c99400 nmethod 399 0xb34a7b48 code [0xb34a7c40, 0xb34a7cd0]
Event: 8,193 Thread 0x67c99400  400             com.android.dx.cf.code.BasicBlocker::setPreviousOffset (6 bytes)
Event: 8,193 Thread 0x67c99400 nmethod 400 0xb34a7988 code [0xb34a7a60, 0xb34a7ab0]
Event: 8,193 Thread 0x67c99400  401             com.android.dx.cf.code.BaseMachine::resultCount (22 bytes)
Event: 8,193 Thread 0x67c99400 nmethod 401 0xb3567f88 code [0xb3568080, 0xb35680d0]
Event: 8,193 Thread 0x67c99400  402             com.android.dx.ssa.back.InterferenceGraph::ensureCapacity (42 bytes)
Event: 8,197 Thread 0x67c99400 nmethod 402 0xb3567ac8 code [0xb3567be0, 0xb3567d58]
Event: 8,197 Thread 0x67c99400  403             com.android.dx.ssa.back.InterferenceGraph::add (46 bytes)
Event: 8,214 Thread 0x67c99400 nmethod 403 0xb3568888 code [0xb3568a00, 0xb35690b8]
Event: 8,214 Thread 0x67c99400  404             com.android.dx.rop.code.Rops::ropFor (771 bytes)

GC Heap History (9 events):
Event: 2,180 GC heap before
{Heap before GC invocations=1 (full 0):
 PSYoungGen      total 18432K, used 15872K [0x9ddc0000, 0x9f240000, 0xb3340000)
  eden space 15872K, 100% used [0x9ddc0000,0x9ed40000,0x9ed40000)
  from space 2560K, 0% used [0x9efc0000,0x9efc0000,0x9f240000)
  to   space 2560K, 0% used [0x9ed40000,0x9ed40000,0x9efc0000)
 ParOldGen       total 41728K, used 0K [0x73340000, 0x75c00000, 0x9ddc0000)
  object space 41728K, 0% used [0x73340000,0x73340000,0x75c00000)
 PSPermGen       total 16384K, used 3806K [0x6b340000, 0x6c340000, 0x73340000)
  object space 16384K, 23% used [0x6b340000,0x6b6f7b88,0x6c340000)
Event: 2,196 GC heap after
Heap after GC invocations=1 (full 0):
 PSYoungGen      total 18432K, used 2548K [0x9ddc0000, 0x9f240000, 0xb3340000)
  eden space 15872K, 0% used [0x9ddc0000,0x9ddc0000,0x9ed40000)
  from space 2560K, 99% used [0x9ed40000,0x9efbd060,0x9efc0000)
  to   space 2560K, 0% used [0x9efc0000,0x9efc0000,0x9f240000)
 ParOldGen       total 41728K, used 1282K [0x73340000, 0x75c00000, 0x9ddc0000)
  object space 41728K, 3% used [0x73340000,0x73480900,0x75c00000)
 PSPermGen       total 16384K, used 3806K [0x6b340000, 0x6c340000, 0x73340000)
  object space 16384K, 23% used [0x6b340000,0x6b6f7b88,0x6c340000)
}
Event: 4,071 GC heap before
{Heap before GC invocations=2 (full 0):
 PSYoungGen      total 18432K, used 18420K [0x9ddc0000, 0x9f240000, 0xb3340000)
  eden space 15872K, 100% used [0x9ddc0000,0x9ed40000,0x9ed40000)
  from space 2560K, 99% used [0x9ed40000,0x9efbd060,0x9efc0000)
  to   space 2560K, 0% used [0x9efc0000,0x9efc0000,0x9f240000)
 ParOldGen       total 41728K, used 1282K [0x73340000, 0x75c00000, 0x9ddc0000)
  object space 41728K, 3% used [0x73340000,0x73480900,0x75c00000)
 PSPermGen       total 16384K, used 3892K [0x6b340000, 0x6c340000, 0x73340000)
  object space 16384K, 23% used [0x6b340000,0x6b70d3c8,0x6c340000)
Event: 4,138 GC heap after
Heap after GC invocations=2 (full 0):
 PSYoungGen      total 18432K, used 2556K [0x9ddc0000, 0xa01c0000, 0xb3340000)
  eden space 15872K, 0% used [0x9ddc0000,0x9ddc0000,0x9ed40000)
  from space 2560K, 99% used [0x9efc0000,0x9f23f2c8,0x9f240000)
  to   space 2560K, 0% used [0x9ed40000,0x9ed40000,0x9efc0000)
 ParOldGen       total 41728K, used 3402K [0x73340000, 0x75c00000, 0x9ddc0000)
  object space 41728K, 8% used [0x73340000,0x73692990,0x75c00000)
 PSPermGen       total 16384K, used 3892K [0x6b340000, 0x6c340000, 0x73340000)
  object space 16384K, 23% used [0x6b340000,0x6b70d3c8,0x6c340000)
}
Event: 5,247 GC heap before
{Heap before GC invocations=3 (full 0):
 PSYoungGen      total 18432K, used 18428K [0x9ddc0000, 0xa01c0000, 0xb3340000)
  eden space 15872K, 100% used [0x9ddc0000,0x9ed40000,0x9ed40000)
  from space 2560K, 99% used [0x9efc0000,0x9f23f2c8,0x9f240000)
  to   space 2560K, 0% used [0x9ed40000,0x9ed40000,0x9efc0000)
 ParOldGen       total 41728K, used 3402K [0x73340000, 0x75c00000, 0x9ddc0000)
  object space 41728K, 8% used [0x73340000,0x73692990,0x75c00000)
 PSPermGen       total 16384K, used 3917K [0x6b340000, 0x6c340000, 0x73340000)
  object space 16384K, 23% used [0x6b340000,0x6b713408,0x6c340000)
Event: 5,269 GC heap after
Heap after GC invocations=3 (full 0):
 PSYoungGen      total 18432K, used 2555K [0x9ddc0000, 0xa01c0000, 0xb3340000)
  eden space 15872K, 0% used [0x9ddc0000,0x9ddc0000,0x9ed40000)
  from space 2560K, 99% used [0x9ed40000,0x9efbefd0,0x9efc0000)
  to   space 2560K, 0% used [0x9ff40000,0x9ff40000,0xa01c0000)
 ParOldGen       total 41728K, used 5972K [0x73340000, 0x75c00000, 0x9ddc0000)
  object space 41728K, 14% used [0x73340000,0x739152f0,0x75c00000)
 PSPermGen       total 16384K, used 3917K [0x6b340000, 0x6c340000, 0x73340000)
  object space 16384K, 23% used [0x6b340000,0x6b713408,0x6c340000)
}
Event: 6,296 GC heap before
{Heap before GC invocations=4 (full 0):
 PSYoungGen      total 18432K, used 18427K [0x9ddc0000, 0xa01c0000, 0xb3340000)
  eden space 15872K, 100% used [0x9ddc0000,0x9ed40000,0x9ed40000)
  from space 2560K, 99% used [0x9ed40000,0x9efbefd0,0x9efc0000)
  to   space 2560K, 0% used [0x9ff40000,0x9ff40000,0xa01c0000)
 ParOldGen       total 41728K, used 5972K [0x73340000, 0x75c00000, 0x9ddc0000)
  object space 41728K, 14% used [0x73340000,0x739152f0,0x75c00000)
 PSPermGen       total 16384K, used 3932K [0x6b340000, 0x6c340000, 0x73340000)
  object space 16384K, 24% used [0x6b340000,0x6b717100,0x6c340000)
Event: 6,329 GC heap after
Heap after GC invocations=4 (full 0):
 PSYoungGen      total 34304K, used 2555K [0x9ddc0000, 0xa01c0000, 0xb3340000)
  eden space 31744K, 0% used [0x9ddc0000,0x9ddc0000,0x9fcc0000)
  from space 2560K, 99% used [0x9ff40000,0xa01befd0,0xa01c0000)
  to   space 2560K, 0% used [0x9fcc0000,0x9fcc0000,0x9ff40000)
 ParOldGen       total 41728K, used 8680K [0x73340000, 0x75c00000, 0x9ddc0000)
  object space 41728K, 20% used [0x73340000,0x73bba3b8,0x75c00000)
 PSPermGen       total 16384K, used 3932K [0x6b340000, 0x6c340000, 0x73340000)
  object space 16384K, 24% used [0x6b340000,0x6b717100,0x6c340000)
}
Event: 8,445 GC heap before
{Heap before GC invocations=5 (full 0):
 PSYoungGen      total 34304K, used 34299K [0x9ddc0000, 0xa01c0000, 0xb3340000)
  eden space 31744K, 100% used [0x9ddc0000,0x9fcc0000,0x9fcc0000)
  from space 2560K, 99% used [0x9ff40000,0xa01befd0,0xa01c0000)
  to   space 2560K, 0% used [0x9fcc0000,0x9fcc0000,0x9ff40000)
 ParOldGen       total 41728K, used 8680K [0x73340000, 0x75c00000, 0x9ddc0000)
  object space 41728K, 20% used [0x73340000,0x73bba3b8,0x75c00000)
 PSPermGen       total 16384K, used 3980K [0x6b340000, 0x6c340000, 0x73340000)
  object space 16384K, 24% used [0x6b340000,0x6b723318,0x6c340000)

Deoptimization events (10 events):
Event: 7,530 Thread 0xb6407800 Uncommon trap: reason=bimorphic action=maybe_recompile pc=0xb34be6d8 method=java.util.HashMap.put(Ljava/lang/Object;Ljava/lang/Object;)Ljava/lang/Object; @ 83
Event: 7,973 Thread 0xb6407800 Uncommon trap: reason=class_check action=maybe_recompile pc=0xb346e844 method=com.android.dx.ssa.PhiTypeResolver.run()V @ 132
Event: 8,088 Thread 0xb6407800 Uncommon trap: reason=bimorphic action=maybe_recompile pc=0xb3518788 method=com.android.dx.ssa.LiteralOpUpgrader.tryReplacingWithConstant(Lcom/android/dx/ssa/NormalSsaInsn;)Z @ 52
Event: 8,088 Thread 0xb6407800 Uncommon trap: reason=class_check action=maybe_recompile pc=0xb355a38c method=com.android.dx.ssa.ConstCollector.getConstsSortedByCountUse()Ljava/util/ArrayList; @ 168
Event: 8,122 Thread 0xb6407800 Uncommon trap: reason=class_check action=maybe_recompile pc=0xb346e844 method=com.android.dx.ssa.PhiTypeResolver.run()V @ 132
Event: 8,185 Thread 0xb6407800 Uncommon trap: reason=bimorphic action=maybe_recompile pc=0xb3518788 method=com.android.dx.ssa.LiteralOpUpgrader.tryReplacingWithConstant(Lcom/android/dx/ssa/NormalSsaInsn;)Z @ 52
Event: 8,185 Thread 0xb6407800 Uncommon trap: reason=class_check action=maybe_recompile pc=0xb355a38c method=com.android.dx.ssa.ConstCollector.getConstsSortedByCountUse()Ljava/util/ArrayList; @ 168
Event: 8,388 Thread 0xb6407800 Uncommon trap: reason=bimorphic action=maybe_recompile pc=0xb3518788 method=com.android.dx.ssa.LiteralOpUpgrader.tryReplacingWithConstant(Lcom/android/dx/ssa/NormalSsaInsn;)Z @ 52
Event: 8,388 Thread 0xb6407800 Uncommon trap: reason=class_check action=maybe_recompile pc=0xb355a38c method=com.android.dx.ssa.ConstCollector.getConstsSortedByCountUse()Ljava/util/ArrayList; @ 168
Event: 8,390 Thread 0xb6407800 Uncommon trap: reason=bimorphic action=maybe_recompile pc=0xb351c61c method=com.android.dx.ssa.LiteralOpUpgrader.tryReplacingWithConstant(Lcom/android/dx/ssa/NormalSsaInsn;)Z @ 52

Internal exceptions (10 events):
Event: 7,600 Thread 0xb6407800 Threw 0x9ed95ad0 at /build/buildd/openjdk-7-7u79-2.5.5/build/openjdk/hotspot/src/share/vm/prims/jvm.cpp:1284
Event: 7,686 Thread 0xb6407800 Threw 0x9eda00b0 at /build/buildd/openjdk-7-7u79-2.5.5/build/openjdk/hotspot/src/share/vm/prims/jvm.cpp:1284
Event: 7,686 Thread 0xb6407800 Threw 0x9eda29e0 at /build/buildd/openjdk-7-7u79-2.5.5/build/openjdk/hotspot/src/share/vm/prims/jvm.cpp:1284
Event: 7,687 Thread 0xb6407800 Threw 0x9eda60d8 at /build/buildd/openjdk-7-7u79-2.5.5/build/openjdk/hotspot/src/share/vm/prims/jvm.cpp:1284
Event: 7,749 Thread 0xb6407800 Threw 0x9ef2b800 at /build/buildd/openjdk-7-7u79-2.5.5/build/openjdk/hotspot/src/share/vm/prims/jvm.cpp:1284
Event: 7,768 Thread 0xb6407800 Threw 0x9ef875e8 at /build/buildd/openjdk-7-7u79-2.5.5/build/openjdk/hotspot/src/share/vm/prims/jvm.cpp:1284
Event: 7,768 Thread 0xb6407800 Threw 0x9ef8a330 at /build/buildd/openjdk-7-7u79-2.5.5/build/openjdk/hotspot/src/share/vm/prims/jvm.cpp:1284
Event: 7,771 Thread 0xb6407800 Threw 0x9ef9fd30 at /build/buildd/openjdk-7-7u79-2.5.5/build/openjdk/hotspot/src/share/vm/prims/jvm.cpp:1284
Event: 7,781 Thread 0xb6407800 Threw 0x9efa5be8 at /build/buildd/openjdk-7-7u79-2.5.5/build/openjdk/hotspot/src/share/vm/prims/jvm.cpp:1284
Event: 7,809 Thread 0xb6407800 Threw 0x9efab880 at /build/buildd/openjdk-7-7u79-2.5.5/build/openjdk/hotspot/src/share/vm/prims/jvm.cpp:1284

Events (10 events):
Event: 8,388 Thread 0xb6407800 Uncommon trap: trap_request=0xffffffc6 fr.pc=0xb3518788
Event: 8,388 Thread 0xb6407800 DEOPT PACKING pc=0xb3518788 sp=0xb65f5a40
Event: 8,388 Thread 0xb6407800 DEOPT UNPACKING pc=0xb342cbc8 sp=0xb65f59c4 mode 2
Event: 8,388 Thread 0xb6407800 Uncommon trap: trap_request=0xffffffde fr.pc=0xb355a38c
Event: 8,388 Thread 0xb6407800 DEOPT PACKING pc=0xb355a38c sp=0xb65f5a50
Event: 8,388 Thread 0xb6407800 DEOPT UNPACKING pc=0xb342cbc8 sp=0xb65f5a3c mode 2
Event: 8,390 Thread 0xb6407800 Uncommon trap: trap_request=0xffffffc6 fr.pc=0xb351c61c
Event: 8,390 Thread 0xb6407800 DEOPT PACKING pc=0xb351c61c sp=0xb65f5a00
Event: 8,390 Thread 0xb6407800 DEOPT UNPACKING pc=0xb342cbc8 sp=0xb65f59b8 mode 2
Event: 8,445 Executing VM operation: ParallelGCFailedAllocation


Dynamic libraries:
08048000-08049000 r-xp 00000000 08:02 2763940    /usr/lib/jvm/java-7-openjdk-i386/jre/bin/java
08049000-0804a000 r--p 00000000 08:02 2763940    /usr/lib/jvm/java-7-openjdk-i386/jre/bin/java
0804a000-0804b000 rw-p 00001000 08:02 2763940    /usr/lib/jvm/java-7-openjdk-i386/jre/bin/java
08aac000-08b5f000 rw-p 00000000 00:00 0          [heap]
65c00000-65d00000 rw-p 00000000 00:00 0 
65e00000-65eec000 rw-p 00000000 00:00 0 
65eec000-65f00000 ---p 00000000 00:00 0 
65f00000-65ffb000 rw-p 00000000 00:00 0 
65ffb000-66000000 ---p 00000000 00:00 0 
66000000-66100000 rw-p 00000000 00:00 0 
66200000-662a4000 rw-p 00000000 00:00 0 
662a4000-66300000 ---p 00000000 00:00 0 
66400000-664f7000 rw-p 00000000 00:00 0 
664f7000-66500000 ---p 00000000 00:00 0 
66600000-66700000 rw-p 00000000 00:00 0 
66800000-668fd000 rw-p 00000000 00:00 0 
668fd000-66900000 ---p 00000000 00:00 0 
66a00000-66af9000 rw-p 00000000 00:00 0 
66af9000-66b00000 ---p 00000000 00:00 0 
66b00000-66bfb000 rw-p 00000000 00:00 0 
66bfb000-66c00000 ---p 00000000 00:00 0 
66c00000-66ceb000 rw-p 00000000 00:00 0 
66ceb000-66d00000 ---p 00000000 00:00 0 
66d00000-66dff000 rw-p 00000000 00:00 0 
66dff000-66e00000 ---p 00000000 00:00 0 
66e00000-66eff000 rw-p 00000000 00:00 0 
66eff000-66f00000 ---p 00000000 00:00 0 
66fe3000-6701f000 r-xp 00000000 08:02 3015776    /lib/i386-linux-gnu/libpcre.so.3.13.1
6701f000-67020000 r--p 0003b000 08:02 3015776    /lib/i386-linux-gnu/libpcre.so.3.13.1
67020000-67021000 rw-p 0003c000 08:02 3015776    /lib/i386-linux-gnu/libpcre.so.3.13.1
67021000-6712b000 r-xp 00000000 08:02 3015704    /lib/i386-linux-gnu/libglib-2.0.so.0.4002.0
6712b000-6712c000 r--p 00109000 08:02 3015704    /lib/i386-linux-gnu/libglib-2.0.so.0.4002.0
6712c000-6712d000 rw-p 0010a000 08:02 3015704    /lib/i386-linux-gnu/libglib-2.0.so.0.4002.0
6712d000-6717d000 r-xp 00000000 08:02 2758243    /usr/lib/i386-linux-gnu/libgobject-2.0.so.0.4002.0
6717d000-6717e000 r--p 0004f000 08:02 2758243    /usr/lib/i386-linux-gnu/libgobject-2.0.so.0.4002.0
6717e000-6717f000 rw-p 00050000 08:02 2758243    /usr/lib/i386-linux-gnu/libgobject-2.0.so.0.4002.0
6717f000-672fc000 r-xp 00000000 08:02 2758215    /usr/lib/i386-linux-gnu/libgio-2.0.so.0.4002.0
672fc000-672fe000 r--p 0017d000 08:02 2758215    /usr/lib/i386-linux-gnu/libgio-2.0.so.0.4002.0
672fe000-672ff000 rw-p 0017f000 08:02 2758215    /usr/lib/i386-linux-gnu/libgio-2.0.so.0.4002.0
672ff000-67300000 rw-p 00000000 00:00 0 
67300000-673ad000 rw-p 00000000 00:00 0 
673ad000-67400000 ---p 00000000 00:00 0 
6741a000-6741b000 ---p 00000000 00:00 0 
6741b000-6749b000 rw-p 00000000 00:00 0          [stack:6412]
6749b000-6749e000 ---p 00000000 00:00 0 
6749e000-674ec000 rw-p 00000000 00:00 0          [stack:6411]
674ec000-674ef000 ---p 00000000 00:00 0 
674ef000-6756d000 rw-p 00000000 00:00 0          [stack:6410]
6756d000-67570000 ---p 00000000 00:00 0 
67570000-675ee000 rw-p 00000000 00:00 0          [stack:6409]
675ee000-675f1000 ---p 00000000 00:00 0 
675f1000-6763f000 rw-p 00000000 00:00 0          [stack:6408]
6763f000-677af000 r--p 00858000 08:02 2761068    /usr/lib/locale/locale-archive
677af000-679af000 r--p 00000000 08:02 2761068    /usr/lib/locale/locale-archive
679af000-679b2000 ---p 00000000 00:00 0 
679b2000-67a00000 rw-p 00000000 00:00 0          [stack:6403]
67a00000-67afb000 rw-p 00000000 00:00 0 
67afb000-67b00000 ---p 00000000 00:00 0 
67b00000-67b21000 rw-p 00000000 00:00 0 
67b21000-67c00000 ---p 00000000 00:00 0 
67c00000-67d00000 rw-p 00000000 00:00 0 
67d0c000-67d11000 r-xp 00000000 08:02 2758114    /usr/lib/i386-linux-gnu/libffi.so.6.0.1
67d11000-67d12000 r--p 00005000 08:02 2758114    /usr/lib/i386-linux-gnu/libffi.so.6.0.1
67d12000-67d13000 rw-p 00006000 08:02 2758114    /usr/lib/i386-linux-gnu/libffi.so.6.0.1
67d13000-67d26000 r-xp 00000000 08:02 3023126    /lib/i386-linux-gnu/libresolv-2.19.so
67d26000-67d27000 ---p 00013000 08:02 3023126    /lib/i386-linux-gnu/libresolv-2.19.so
67d27000-67d28000 r--p 00013000 08:02 3023126    /lib/i386-linux-gnu/libresolv-2.19.so
67d28000-67d29000 rw-p 00014000 08:02 3023126    /lib/i386-linux-gnu/libresolv-2.19.so
67d29000-67d2b000 rw-p 00000000 00:00 0 
67d2b000-67d4b000 r-xp 00000000 08:02 3015803    /lib/i386-linux-gnu/libselinux.so.1
67d4b000-67d4c000 r--p 0001f000 08:02 3015803    /lib/i386-linux-gnu/libselinux.so.1
67d4c000-67d4d000 rw-p 00020000 08:02 3015803    /lib/i386-linux-gnu/libselinux.so.1
67d4d000-67d4e000 rw-p 00000000 00:00 0 
67d4e000-67d4f000 ---p 00000000 00:00 0 
67d4f000-67dcf000 rw-p 00000000 00:00 0          [stack:6394]
67dcf000-67f80000 r--s 01d27000 08:02 2764031    /usr/lib/jvm/java-7-openjdk-i386/jre/lib/rt.jar
67f80000-6a800000 rw-p 00000000 00:00 0 
6a800000-6a8e5000 rw-p 00000000 00:00 0 
6a8e5000-6a900000 ---p 00000000 00:00 0 
6a915000-6a92c000 r-xp 00000000 08:02 2764010    /usr/lib/jvm/java-7-openjdk-i386/jre/lib/i386/libnet.so
6a92c000-6a92d000 r--p 00017000 08:02 2764010    /usr/lib/jvm/java-7-openjdk-i386/jre/lib/i386/libnet.so
6a92d000-6a92e000 rw-p 00018000 08:02 2764010    /usr/lib/jvm/java-7-openjdk-i386/jre/lib/i386/libnet.so
6a92e000-6a931000 ---p 00000000 00:00 0 
6a931000-6a97f000 rw-p 00000000 00:00 0          [stack:6402]
6a97f000-6a980000 ---p 00000000 00:00 0 
6a980000-6aa00000 rw-p 00000000 00:00 0          [stack:6388]
6aa00000-6aa21000 rw-p 00000000 00:00 0 
6aa21000-6ab00000 ---p 00000000 00:00 0 
6ab00000-6ab21000 rw-p 00000000 00:00 0 
6ab21000-6ac00000 ---p 00000000 00:00 0 
6ac02000-6ac13000 r-xp 00000000 08:02 2763980    /usr/lib/jvm/java-7-openjdk-i386/jre/lib/i386/libnio.so
6ac13000-6ac14000 r--p 00010000 08:02 2763980    /usr/lib/jvm/java-7-openjdk-i386/jre/lib/i386/libnio.so
6ac14000-6ac15000 rw-p 00011000 08:02 2763980    /usr/lib/jvm/java-7-openjdk-i386/jre/lib/i386/libnio.so
6ac15000-6ac27000 r--s 000c6000 08:07 76575      /media/vantuan/Android/AndroidUbuntu/MaterialDesign/app/build/intermediates/exploded-aar/com.android.support/support-v4/22.1.1/classes.jar
6ac27000-6ac36000 r--s 000dd000 08:02 393989     /home/vantuan/Android/Sdk/build-tools/21.1.2/lib/dx.jar
6ac36000-6ac7f000 rw-p 00000000 00:00 0 
6ac7f000-6ac80000 ---p 00000000 00:00 0 
6ac80000-6ad00000 rw-p 00000000 00:00 0          [stack:6386]
6ad00000-6ad21000 rw-p 00000000 00:00 0 
6ad21000-6ae00000 ---p 00000000 00:00 0 
6ae00000-6ae03000 r-xp 00000000 08:02 2758227    /usr/lib/i386-linux-gnu/libgmodule-2.0.so.0.4002.0
6ae03000-6ae04000 r--p 00002000 08:02 2758227    /usr/lib/i386-linux-gnu/libgmodule-2.0.so.0.4002.0
6ae04000-6ae05000 rw-p 00003000 08:02 2758227    /usr/lib/i386-linux-gnu/libgmodule-2.0.so.0.4002.0
6ae05000-6ae09000 r--s 0003c000 08:02 2764042    /usr/lib/jvm/java-7-openjdk-i386/jre/lib/ext/sunpkcs11.jar
6ae09000-6ae0c000 r--s 0000f000 08:02 2764041    /usr/lib/jvm/java-7-openjdk-i386/jre/lib/ext/icedtea-sound.jar
6ae0c000-6ae67000 rw-p 00000000 00:00 0 
6ae67000-6ae68000 ---p 00000000 00:00 0 
6ae68000-6aee8000 rw-p 00000000 00:00 0          [stack:6380]
6aee8000-6aee9000 ---p 00000000 00:00 0 
6aee9000-6af71000 rw-p 00000000 00:00 0          [stack:6378]
6af71000-6afa9000 rw-p 00000000 00:00 0 
6afa9000-6afbe000 rw-p 00000000 00:00 0 
6afbe000-6b0ff000 rw-p 00000000 00:00 0 
6b0ff000-6b107000 rw-p 00000000 00:00 0 
6b107000-6b13f000 rw-p 00000000 00:00 0 
6b13f000-6b154000 rw-p 00000000 00:00 0 
6b154000-6b294000 rw-p 00000000 00:00 0 
6b294000-6b2a7000 rw-p 00000000 00:00 0 
6b2a7000-6b33f000 rw-p 00000000 00:00 0 
6b33f000-6c340000 rw-p 00000000 00:00 0 
6c340000-73340000 rw-p 00000000 00:00 0 
73340000-75c00000 rw-p 00000000 00:00 0 
75c00000-9ddc0000 rw-p 00000000 00:00 0 
9ddc0000-a01c0000 rw-p 00000000 00:00 0 
a2b40000-b3340000 rw-p 00000000 00:00 0 
b3340000-b3349000 rw-p 00000000 00:00 0 
b3349000-b3400000 rw-p 00000000 00:00 0 
b3400000-b3640000 rwxp 00000000 00:00 0 
b3640000-b64ff000 rw-p 00000000 00:00 0 
b64ff000-b6500000 ---p 00000000 00:00 0 
b6501000-b6503000 r--s 00012000 08:02 2764046    /usr/lib/jvm/java-7-openjdk-i386/jre/lib/ext/zipfs.jar
b6503000-b6506000 r--s 00086000 08:02 2764043    /usr/lib/jvm/java-7-openjdk-i386/jre/lib/ext/localedata.jar
b6506000-b650a000 r--s 00034000 08:02 2764044    /usr/lib/jvm/java-7-openjdk-i386/jre/lib/ext/sunjce_provider.jar
b650a000-b6525000 rw-p 00000000 00:00 0 
b6525000-b6530000 r-xp 00000000 08:02 3023128    /lib/i386-linux-gnu/libnss_files-2.19.so
b6530000-b6531000 r--p 0000a000 08:02 3023128    /lib/i386-linux-gnu/libnss_files-2.19.so
b6531000-b6532000 rw-p 0000b000 08:02 3023128    /lib/i386-linux-gnu/libnss_files-2.19.so
b6532000-b653c000 r-xp 00000000 08:02 3023114    /lib/i386-linux-gnu/libnss_nis-2.19.so
b653c000-b653d000 r--p 00009000 08:02 3023114    /lib/i386-linux-gnu/libnss_nis-2.19.so
b653d000-b653e000 rw-p 0000a000 08:02 3023114    /lib/i386-linux-gnu/libnss_nis-2.19.so
b653e000-b6553000 r-xp 00000000 08:02 3023115    /lib/i386-linux-gnu/libnsl-2.19.so
b6553000-b6554000 r--p 00015000 08:02 3023115    /lib/i386-linux-gnu/libnsl-2.19.so
b6554000-b6555000 rw-p 00016000 08:02 3023115    /lib/i386-linux-gnu/libnsl-2.19.so
b6555000-b6557000 rw-p 00000000 00:00 0 
b6557000-b655e000 r-xp 00000000 08:02 3023120    /lib/i386-linux-gnu/libnss_compat-2.19.so
b655e000-b655f000 r--p 00006000 08:02 3023120    /lib/i386-linux-gnu/libnss_compat-2.19.so
b655f000-b6560000 rw-p 00007000 08:02 3023120    /lib/i386-linux-gnu/libnss_compat-2.19.so
b6560000-b6562000 r--s 00006000 08:02 3418671    /usr/share/java/java-atk-wrapper.jar
b6562000-b656a000 r-xp 00000000 08:02 2763981    /usr/lib/jvm/java-7-openjdk-i386/jre/lib/i386/libzip.so
b656a000-b656b000 r--p 00007000 08:02 2763981    /usr/lib/jvm/java-7-openjdk-i386/jre/lib/i386/libzip.so
b656b000-b656c000 rw-p 00008000 08:02 2763981    /usr/lib/jvm/java-7-openjdk-i386/jre/lib/i386/libzip.so
b656c000-b6574000 rw-s 00000000 08:02 4339961    /tmp/hsperfdata_vantuan/6351
b6574000-b659b000 r-xp 00000000 08:02 2763976    /usr/lib/jvm/java-7-openjdk-i386/jre/lib/i386/libjava.so
b659b000-b659c000 r--p 00026000 08:02 2763976    /usr/lib/jvm/java-7-openjdk-i386/jre/lib/i386/libjava.so
b659c000-b659d000 rw-p 00027000 08:02 2763976    /usr/lib/jvm/java-7-openjdk-i386/jre/lib/i386/libjava.so
b659d000-b65a4000 r-xp 00000000 08:02 3023129    /lib/i386-linux-gnu/librt-2.19.so
b65a4000-b65a5000 r--p 00006000 08:02 3023129    /lib/i386-linux-gnu/librt-2.19.so
b65a5000-b65a6000 rw-p 00007000 08:02 3023129    /lib/i386-linux-gnu/librt-2.19.so
b65a6000-b65a9000 ---p 00000000 00:00 0 
b65a9000-b65f7000 rw-p 00000000 00:00 0          [stack:6373]
b65f7000-b6613000 r-xp 00000000 08:02 3015700    /lib/i386-linux-gnu/libgcc_s.so.1
b6613000-b6614000 rw-p 0001b000 08:02 3015700    /lib/i386-linux-gnu/libgcc_s.so.1
b6614000-b6658000 r-xp 00000000 08:02 3023119    /lib/i386-linux-gnu/libm-2.19.so
b6658000-b6659000 r--p 00043000 08:02 3023119    /lib/i386-linux-gnu/libm-2.19.so
b6659000-b665a000 rw-p 00044000 08:02 3023119    /lib/i386-linux-gnu/libm-2.19.so
b665a000-b6736000 r-xp 00000000 08:02 2758736    /usr/lib/i386-linux-gnu/libstdc++.so.6.0.19
b6736000-b6737000 ---p 000dc000 08:02 2758736    /usr/lib/i386-linux-gnu/libstdc++.so.6.0.19
b6737000-b673b000 r--p 000dc000 08:02 2758736    /usr/lib/i386-linux-gnu/libstdc++.so.6.0.19
b673b000-b673c000 rw-p 000e0000 08:02 2758736    /usr/lib/i386-linux-gnu/libstdc++.so.6.0.19
b673c000-b6743000 rw-p 00000000 00:00 0 
b6743000-b7131000 r-xp 00000000 08:02 2763995    /usr/lib/jvm/java-7-openjdk-i386/jre/lib/i386/server/libjvm.so
b7131000-b7132000 ---p 009ee000 08:02 2763995    /usr/lib/jvm/java-7-openjdk-i386/jre/lib/i386/server/libjvm.so
b7132000-b7184000 r--p 009ee000 08:02 2763995    /usr/lib/jvm/java-7-openjdk-i386/jre/lib/i386/server/libjvm.so
b7184000-b7198000 rw-p 00a40000 08:02 2763995    /usr/lib/jvm/java-7-openjdk-i386/jre/lib/i386/server/libjvm.so
b7198000-b75b6000 rw-p 00000000 00:00 0 
b75b6000-b75ce000 r-xp 00000000 08:02 3015836    /lib/i386-linux-gnu/libz.so.1.2.8
b75ce000-b75cf000 r--p 00017000 08:02 3015836    /lib/i386-linux-gnu/libz.so.1.2.8
b75cf000-b75d0000 rw-p 00018000 08:02 3015836    /lib/i386-linux-gnu/libz.so.1.2.8
b75d0000-b75e8000 r-xp 00000000 08:02 3023124    /lib/i386-linux-gnu/libpthread-2.19.so
b75e8000-b75e9000 r--p 00018000 08:02 3023124    /lib/i386-linux-gnu/libpthread-2.19.so
b75e9000-b75ea000 rw-p 00019000 08:02 3023124    /lib/i386-linux-gnu/libpthread-2.19.so
b75ea000-b75ec000 rw-p 00000000 00:00 0 
b75ec000-b75ef000 r-xp 00000000 08:02 3023112    /lib/i386-linux-gnu/libdl-2.19.so
b75ef000-b75f0000 r--p 00002000 08:02 3023112    /lib/i386-linux-gnu/libdl-2.19.so
b75f0000-b75f1000 rw-p 00003000 08:02 3023112    /lib/i386-linux-gnu/libdl-2.19.so
b75f1000-b7799000 r-xp 00000000 08:02 3023111    /lib/i386-linux-gnu/libc-2.19.so
b7799000-b779b000 r--p 001a8000 08:02 3023111    /lib/i386-linux-gnu/libc-2.19.so
b779b000-b779c000 rw-p 001aa000 08:02 3023111    /lib/i386-linux-gnu/libc-2.19.so
b779c000-b779f000 rw-p 00000000 00:00 0 
b779f000-b77a0000 r--s 00002000 08:02 2764045    /usr/lib/jvm/java-7-openjdk-i386/jre/lib/ext/dnsns.jar
b77a0000-b77a1000 r--p 00855000 08:02 2761068    /usr/lib/locale/locale-archive
b77a1000-b77a2000 rw-p 00000000 00:00 0 
b77a2000-b77a3000 ---p 00000000 00:00 0 
b77a3000-b77b1000 r-xp 00000000 08:02 2764002    /usr/lib/jvm/java-7-openjdk-i386/jre/lib/i386/libverify.so
b77b1000-b77b2000 r--p 0000d000 08:02 2764002    /usr/lib/jvm/java-7-openjdk-i386/jre/lib/i386/libverify.so
b77b2000-b77b3000 rw-p 0000e000 08:02 2764002    /usr/lib/jvm/java-7-openjdk-i386/jre/lib/i386/libverify.so
b77b3000-b77bf000 r-xp 00000000 08:02 2763985    /usr/lib/jvm/java-7-openjdk-i386/jre/lib/i386/jli/libjli.so
b77bf000-b77c0000 r--p 0000c000 08:02 2763985    /usr/lib/jvm/java-7-openjdk-i386/jre/lib/i386/jli/libjli.so
b77c0000-b77c1000 rw-p 0000d000 08:02 2763985    /usr/lib/jvm/java-7-openjdk-i386/jre/lib/i386/jli/libjli.so
b77c1000-b77c4000 rw-p 00000000 00:00 0 
b77c4000-b77c5000 r-xp 00000000 00:00 0          [vdso]
b77c5000-b77c7000 r--p 00000000 00:00 0          [vvar]
b77c7000-b77e7000 r-xp 00000000 08:02 3023113    /lib/i386-linux-gnu/ld-2.19.so
b77e7000-b77e8000 r--p 0001f000 08:02 3023113    /lib/i386-linux-gnu/ld-2.19.so
b77e8000-b77e9000 rw-p 00020000 08:02 3023113    /lib/i386-linux-gnu/ld-2.19.so
bfdf1000-bfdf2000 rwxp 00000000 00:00 0 
bfe24000-bfe45000 rw-p 00000000 00:00 0          [stack]

VM Arguments:
jvm_args: -Xmx1024M -Dfile.encoding=UTF-8 -Duser.country=US -Duser.language=en -Duser.variant 
java_command: com.android.dx.command.Main --dex --output /media/vantuan/Android/AndroidUbuntu/MaterialDesign/app/build/intermediates/pre-dexed/debug/classes-d3a27303c2e374e121b73e95b04d93bb201d81d6.jar /media/vantuan/Android/AndroidUbuntu/MaterialDesign/app/build/intermediates/exploded-aar/com.android.support/support-v4/22.1.1/classes.jar
Launcher Type: SUN_STANDARD

Environment Variables:
JAVA_HOME=/usr/lib/jvm/java-7-oracle
PATH=/usr/local/sbin:/usr/local/bin:/usr/sbin:/usr/bin:/sbin:/bin:/usr/games:/usr/local/games:/usr/lib/jvm/java-7-oracle/bin:/usr/lib/jvm/java-7-oracle/db/bin:/usr/lib/jvm/java-7-oracle/jre/bin
SHELL=/bin/bash
DISPLAY=:0

Signal Handlers:
SIGSEGV: [libjvm.so+0x80cd90], sa_mask[0]=0x7ffbfeff, sa_flags=0x10000004
SIGBUS: [libjvm.so+0x80cd90], sa_mask[0]=0x7ffbfeff, sa_flags=0x10000004
SIGFPE: [libjvm.so+0x684dd0], sa_mask[0]=0x7ffbfeff, sa_flags=0x10000004
SIGPIPE: [libjvm.so+0x684dd0], sa_mask[0]=0x7ffbfeff, sa_flags=0x10000004
SIGXFSZ: [libjvm.so+0x684dd0], sa_mask[0]=0x7ffbfeff, sa_flags=0x10000004
SIGILL: [libjvm.so+0x684dd0], sa_mask[0]=0x7ffbfeff, sa_flags=0x10000004
SIGUSR1: SIG_DFL, sa_mask[0]=0x00000000, sa_flags=0x00000000
SIGUSR2: [libjvm.so+0x684c60], sa_mask[0]=0x00000004, sa_flags=0x10000004
SIGHUP: [libjvm.so+0x684e90], sa_mask[0]=0x7ffbfeff, sa_flags=0x10000004
SIGINT: [libjvm.so+0x684e90], sa_mask[0]=0x7ffbfeff, sa_flags=0x10000004
SIGTERM: [libjvm.so+0x684e90], sa_mask[0]=0x7ffbfeff, sa_flags=0x10000004
SIGQUIT: [libjvm.so+0x684e90], sa_mask[0]=0x7ffbfeff, sa_flags=0x10000004
SIGTRAP: SIG_DFL, sa_mask[0]=0x00000000, sa_flags=0x00000000


---------------  S Y S T E M  ---------------

OS:Ubuntu 14.04 (trusty)
uname:Linux 3.16.0-36-generic #48~14.04.1-Ubuntu SMP Wed Apr 15 13:12:28 UTC 2015 i686
libc:glibc 2.19 NPTL 2.19 
rlimit: STACK 8192k, CORE 0k, NPROC 31263, NOFILE 4096, AS infinity
load average:3,19 1,06 0,71

/proc/meminfo:
MemTotal:        4021256 kB
MemFree:          210584 kB
MemAvailable:     146868 kB
Buffers:            2780 kB
Cached:           438676 kB
SwapCached:            0 kB
Active:          2698540 kB
Inactive:         375664 kB
Active(anon):    2680376 kB
Inactive(anon):   353016 kB
Active(file):      18164 kB
Inactive(file):    22648 kB
Unevictable:          32 kB
Mlocked:              32 kB
HighTotal:       3159812 kB
HighFree:          39680 kB
LowTotal:         861444 kB
LowFree:          170904 kB
SwapTotal:             0 kB
SwapFree:              0 kB
Dirty:               448 kB
Writeback:             0 kB
AnonPages:       2632872 kB
Mapped:           789600 kB
Shmem:            400444 kB
Slab:              43324 kB
SReclaimable:      18420 kB
SUnreclaim:        24904 kB
KernelStack:        5432 kB
PageTables:        15808 kB
NFS_Unstable:          0 kB
Bounce:                0 kB
WritebackTmp:          0 kB
CommitLimit:     2010628 kB
Committed_AS:    7283804 kB
VmallocTotal:     122880 kB
VmallocUsed:       31036 kB
VmallocChunk:      58168 kB
AnonHugePages:   1269760 kB
HugePages_Total:       0
HugePages_Free:        0
HugePages_Rsvd:        0
HugePages_Surp:        0
Hugepagesize:       2048 kB
DirectMap4k:       47096 kB
DirectMap2M:      860160 kB


CPU:total 4 (2 cores per cpu, 2 threads per core) family 6 model 58 stepping 9, cmov, cx8, fxsr, mmx, sse, sse2, sse3, ssse3, sse4.1, sse4.2, popcnt, avx, aes, erms, ht, tsc, tscinvbit, tscinv

/proc/cpuinfo:
processor	: 0
vendor_id	: GenuineIntel
cpu family	: 6
model		: 58
model name	: Intel(R) Core(TM) i5-3230M CPU @ 2.60GHz
stepping	: 9
microcode	: 0x15
cpu MHz		: 2999.953
cache size	: 3072 KB
physical id	: 0
siblings	: 4
core id		: 0
cpu cores	: 2
apicid		: 0
initial apicid	: 0
fdiv_bug	: no
f00f_bug	: no
coma_bug	: no
fpu		: yes
fpu_exception	: yes
cpuid level	: 13
wp		: yes
flags		: fpu vme de pse tsc msr pae mce cx8 apic sep mtrr pge mca cmov pat pse36 clflush dts acpi mmx fxsr sse sse2 ss ht tm pbe nx rdtscp lm constant_tsc arch_perfmon pebs bts xtopology nonstop_tsc aperfmperf eagerfpu pni pclmulqdq dtes64 monitor ds_cpl vmx est tm2 ssse3 cx16 xtpr pdcm pcid sse4_1 sse4_2 x2apic popcnt tsc_deadline_timer aes xsave avx f16c rdrand lahf_lm ida arat epb xsaveopt pln pts dtherm tpr_shadow vnmi flexpriority ept vpid fsgsbase smep erms
bogomips	: 5188.29
clflush size	: 64
cache_alignment	: 64
address sizes	: 36 bits physical, 48 bits virtual
power management:

processor	: 1
vendor_id	: GenuineIntel
cpu family	: 6
model		: 58
model name	: Intel(R) Core(TM) i5-3230M CPU @ 2.60GHz
stepping	: 9
microcode	: 0x15
cpu MHz		: 2999.953
cache size	: 3072 KB
physical id	: 0
siblings	: 4
core id		: 0
cpu cores	: 2
apicid		: 1
initial apicid	: 1
fdiv_bug	: no
f00f_bug	: no
coma_bug	: no
fpu		: yes
fpu_exception	: yes
cpuid level	: 13
wp		: yes
flags		: fpu vme de pse tsc msr pae mce cx8 apic sep mtrr pge mca cmov pat pse36 clflush dts acpi mmx fxsr sse sse2 ss ht tm pbe nx rdtscp lm constant_tsc arch_perfmon pebs bts xtopology nonstop_tsc aperfmperf eagerfpu pni pclmulqdq dtes64 monitor ds_cpl vmx est tm2 ssse3 cx16 xtpr pdcm pcid sse4_1 sse4_2 x2apic popcnt tsc_deadline_timer aes xsave avx f16c rdrand lahf_lm ida arat epb xsaveopt pln pts dtherm tpr_shadow vnmi flexpriority ept vpid fsgsbase smep erms
bogomips	: 5188.29
clflush size	: 64
cache_alignment	: 64
address sizes	: 36 bits physical, 48 bits virtual
power management:

processor	: 2
vendor_id	: GenuineIntel
cpu family	: 6
model		: 58
model name	: Intel(R) Core(TM) i5-3230M CPU @ 2.60GHz
stepping	: 9
microcode	: 0x15
cpu MHz		: 2999.953
cache size	: 3072 KB
physical id	: 0
siblings	: 4
core id		: 1
cpu cores	: 2
apicid		: 2
initial apicid	: 2
fdiv_bug	: no
f00f_bug	: no
coma_bug	: no
fpu		: yes
fpu_exception	: yes
cpuid level	: 13
wp		: yes
flags		: fpu vme de pse tsc msr pae mce cx8 apic sep mtrr pge mca cmov pat pse36 clflush dts acpi mmx fxsr sse sse2 ss ht tm pbe nx rdtscp lm constant_tsc arch_perfmon pebs bts xtopology nonstop_tsc aperfmperf eagerfpu pni pclmulqdq dtes64 monitor ds_cpl vmx est tm2 ssse3 cx16 xtpr pdcm pcid sse4_1 sse4_2 x2apic popcnt tsc_deadline_timer aes xsave avx f16c rdrand lahf_lm ida arat epb xsaveopt pln pts dtherm tpr_shadow vnmi flexpriority ept vpid fsgsbase smep erms
bogomips	: 5188.29
clflush size	: 64
cache_alignment	: 64
address sizes	: 36 bits physical, 48 bits virtual
power management:

processor	: 3
vendor_id	: GenuineIntel
cpu family	: 6
model		: 58
model name	: Intel(R) Core(TM) i5-3230M CPU @ 2.60GHz
stepping	: 9
microcode	: 0x15
cpu MHz		: 3000.054
cache size	: 3072 KB
physical id	: 0
siblings	: 4
core id		: 1
cpu cores	: 2
apicid		: 3
initial apicid	: 3
fdiv_bug	: no
f00f_bug	: no
coma_bug	: no
fpu		: yes
fpu_exception	: yes
cpuid level	: 13
wp		: yes
flags		: fpu vme de pse tsc msr pae mce cx8 apic sep mtrr pge mca cmov pat pse36 clflush dts acpi mmx fxsr sse sse2 ss ht tm pbe nx rdtscp lm constant_tsc arch_perfmon pebs bts xtopology nonstop_tsc aperfmperf eagerfpu pni pclmulqdq dtes64 monitor ds_cpl vmx est tm2 ssse3 cx16 xtpr pdcm pcid sse4_1 sse4_2 x2apic popcnt tsc_deadline_timer aes xsave avx f16c rdrand lahf_lm ida arat epb xsaveopt pln pts dtherm tpr_shadow vnmi flexpriority ept vpid fsgsbase smep erms
bogomips	: 5188.29
clflush size	: 64
cache_alignment	: 64
address sizes	: 36 bits physical, 48 bits virtual
power management:



Memory: 4k page, physical 4021256k(210584k free), swap 0k(0k free)

vm_info: OpenJDK Server VM (24.79-b02) for linux-x86 JRE (1.7.0_79-b14), built on Apr 16 2015 08:24:42 by "buildd" with gcc 4.8.2

time: Wed May  6 10:32:04 2015
elapsed time: 9 seconds

